2019-04-25T03:15:19+00:00 CRITICAL Uncaught Error: Call to undefined function get_this_page() in /home/fixxstaging/public_html/closet/wp-content/themes/kona-child/header.php:67
Stack trace:
#0 /home/fixxstaging/public_html/closet/wp-includes/template.php(704): require_once()
#1 /home/fixxstaging/public_html/closet/wp-includes/template.php(653): load_template('/home/fixxstagi...', true)
#2 /home/fixxstaging/public_html/closet/wp-includes/general-template.php(41): locate_template(Array, true)
#3 /home/fixxstaging/public_html/closet/wp-content/themes/kona/404.php(3): get_header()
#4 /home/fixxstaging/public_html/closet/wp-includes/template-loader.php(77): include('/home/fixxstagi...')
#5 /home/fixxstaging/public_html/closet/wp-blog-header.php(19): require_once('/home/fixxstagi...')
#6 /home/fixxstaging/public_html/closet/index.php(17): require('/home/fixxstagi...')
#7 {main}
  thrown in /home/fixxstaging/public_html/closet/wp-content/themes/kona-child/header.php on line 67

2019-04-25T03:17:01+00:00 CRITICAL Uncaught Error: Call to undefined function get_this_page() in /home/fixxstaging/public_html/closet/wp-content/themes/kona-child/header-custom-landing.php:67
Stack trace:
#0 /home/fixxstaging/public_html/closet/wp-includes/template.php(704): require_once()
#1 /home/fixxstaging/public_html/closet/wp-includes/template.php(653): load_template('/home/fixxstagi...', true)
#2 /home/fixxstaging/public_html/closet/wp-includes/general-template.php(41): locate_template(Array, true)
#3 /home/fixxstaging/public_html/closet/wp-content/themes/kona-child/landing-custom.php(6): get_header('custom-landing')
#4 /home/fixxstaging/public_html/closet/wp-includes/template-loader.php(77): include('/home/fixxstagi...')
#5 /home/fixxstaging/public_html/closet/wp-blog-header.php(19): require_once('/home/fixxstagi...')
#6 /home/fixxstaging/public_html/closet/index.php(17): require('/home/fixxstagi...')
#7 {main}
  thrown in /home/fixxstaging/public_html/closet/wp-content/themes/kona-child/header-custom-landing.php on line 67

2019-04-25T03:17:09+00:00 CRITICAL Uncaught Error: Call to undefined function get_this_page() in /home/fixxstaging/public_html/closet/wp-content/themes/kona-child/header-custom-landing.php:67
Stack trace:
#0 /home/fixxstaging/public_html/closet/wp-includes/template.php(704): require_once()
#1 /home/fixxstaging/public_html/closet/wp-includes/template.php(653): load_template('/home/fixxstagi...', true)
#2 /home/fixxstaging/public_html/closet/wp-includes/general-template.php(41): locate_template(Array, true)
#3 /home/fixxstaging/public_html/closet/wp-content/themes/kona-child/landing-custom.php(6): get_header('custom-landing')
#4 /home/fixxstaging/public_html/closet/wp-includes/template-loader.php(77): include('/home/fixxstagi...')
#5 /home/fixxstaging/public_html/closet/wp-blog-header.php(19): require_once('/home/fixxstagi...')
#6 /home/fixxstaging/public_html/closet/index.php(17): require('/home/fixxstagi...')
#7 {main}
  thrown: /home/fixxstaging/public_html/closet/wp-content/themes/kona-child/header-custom-landing.php の行67

2019-04-25T03:17:14+00:00 CRITICAL Uncaught Error: Call to undefined function get_this_page() in /home/fixxstaging/public_html/closet/wp-content/themes/kona-child/header-custom-landing.php:67
Stack trace:
#0 /home/fixxstaging/public_html/closet/wp-includes/template.php(704): require_once()
#1 /home/fixxstaging/public_html/closet/wp-includes/template.php(653): load_template('/home/fixxstagi...', true)
#2 /home/fixxstaging/public_html/closet/wp-includes/general-template.php(41): locate_template(Array, true)
#3 /home/fixxstaging/public_html/closet/wp-content/themes/kona-child/landing-custom.php(6): get_header('custom-landing')
#4 /home/fixxstaging/public_html/closet/wp-includes/template-loader.php(77): include('/home/fixxstagi...')
#5 /home/fixxstaging/public_html/closet/wp-blog-header.php(19): require_once('/home/fixxstagi...')
#6 /home/fixxstaging/public_html/closet/index.php(17): require('/home/fixxstagi...')
#7 {main}
  thrown: /home/fixxstaging/public_html/closet/wp-content/themes/kona-child/header-custom-landing.php の行67

2019-04-25T03:17:15+00:00 CRITICAL Uncaught Error: Call to undefined function get_this_page() in /home/fixxstaging/public_html/closet/wp-content/themes/kona-child/header-custom-landing.php:67
Stack trace:
#0 /home/fixxstaging/public_html/closet/wp-includes/template.php(704): require_once()
#1 /home/fixxstaging/public_html/closet/wp-includes/template.php(653): load_template('/home/fixxstagi...', true)
#2 /home/fixxstaging/public_html/closet/wp-includes/general-template.php(41): locate_template(Array, true)
#3 /home/fixxstaging/public_html/closet/wp-content/themes/kona-child/landing-custom.php(6): get_header('custom-landing')
#4 /home/fixxstaging/public_html/closet/wp-includes/template-loader.php(77): include('/home/fixxstagi...')
#5 /home/fixxstaging/public_html/closet/wp-blog-header.php(19): require_once('/home/fixxstagi...')
#6 /home/fixxstaging/public_html/closet/index.php(17): require('/home/fixxstagi...')
#7 {main}
  thrown in /home/fixxstaging/public_html/closet/wp-content/themes/kona-child/header-custom-landing.php on line 67

2019-04-25T03:17:21+00:00 CRITICAL Uncaught Error: Call to undefined function get_this_page() in /home/fixxstaging/public_html/closet/wp-content/themes/kona-child/header-custom-landing.php:67
Stack trace:
#0 /home/fixxstaging/public_html/closet/wp-includes/template.php(704): require_once()
#1 /home/fixxstaging/public_html/closet/wp-includes/template.php(653): load_template('/home/fixxstagi...', true)
#2 /home/fixxstaging/public_html/closet/wp-includes/general-template.php(41): locate_template(Array, true)
#3 /home/fixxstaging/public_html/closet/wp-content/themes/kona-child/landing-custom.php(6): get_header('custom-landing')
#4 /home/fixxstaging/public_html/closet/wp-includes/template-loader.php(77): include('/home/fixxstagi...')
#5 /home/fixxstaging/public_html/closet/wp-blog-header.php(19): require_once('/home/fixxstagi...')
#6 /home/fixxstaging/public_html/closet/index.php(17): require('/home/fixxstagi...')
#7 {main}
  thrown in /home/fixxstaging/public_html/closet/wp-content/themes/kona-child/header-custom-landing.php on line 67

