2019-04-09T04:41:40+00:00 CRITICAL Uncaught Error: Call to undefined function template_dir() in /home/fixxstaging/public_html/closet/wp-content/themes/kona/landing.php:26
Stack trace:
#0 /home/fixxstaging/public_html/closet/wp-includes/template-loader.php(77): include()
#1 /home/fixxstaging/public_html/closet/wp-blog-header.php(19): require_once('/home/fixxstagi...')
#2 /home/fixxstaging/public_html/closet/index.php(17): require('/home/fixxstagi...')
#3 {main}
  thrown in /home/fixxstaging/public_html/closet/wp-content/themes/kona/landing.php on line 26

2019-04-09T04:42:49+00:00 CRITICAL Uncaught Error: Call to undefined function template_dir() in /home/fixxstaging/public_html/closet/wp-content/themes/kona/landing.php:26
Stack trace:
#0 /home/fixxstaging/public_html/closet/wp-includes/template-loader.php(77): include()
#1 /home/fixxstaging/public_html/closet/wp-blog-header.php(19): require_once('/home/fixxstagi...')
#2 /home/fixxstaging/public_html/closet/index.php(17): require('/home/fixxstagi...')
#3 {main}
  thrown in /home/fixxstaging/public_html/closet/wp-content/themes/kona/landing.php on line 26

2019-04-09T04:43:12+00:00 CRITICAL Uncaught Error: Call to undefined function template_dir() in /home/fixxstaging/public_html/closet/wp-content/themes/kona/landing.php:26
Stack trace:
#0 /home/fixxstaging/public_html/closet/wp-includes/template-loader.php(77): include()
#1 /home/fixxstaging/public_html/closet/wp-blog-header.php(19): require_once('/home/fixxstagi...')
#2 /home/fixxstaging/public_html/closet/index.php(17): require('/home/fixxstagi...')
#3 {main}
  thrown in /home/fixxstaging/public_html/closet/wp-content/themes/kona/landing.php on line 26

2019-04-09T04:43:18+00:00 CRITICAL Uncaught Error: Call to undefined function template_dir() in /home/fixxstaging/public_html/closet/wp-content/themes/kona/landing.php:26
Stack trace:
#0 /home/fixxstaging/public_html/closet/wp-includes/template-loader.php(77): include()
#1 /home/fixxstaging/public_html/closet/wp-blog-header.php(19): require_once('/home/fixxstagi...')
#2 /home/fixxstaging/public_html/closet/index.php(17): require('/home/fixxstagi...')
#3 {main}
  thrown in /home/fixxstaging/public_html/closet/wp-content/themes/kona/landing.php on line 26

