2019-05-21T07:07:54+00:00 CRITICAL Uncaught ArgumentCountError: Too few arguments to function WOOCS::woocommerce_add_to_cart_hash(), 1 passed in /home/fixxstaging/public_html/closet/wp-includes/class-wp-hook.php on line 288 and exactly 2 expected in /home/fixxstaging/public_html/closet/wp-content/plugins/woocommerce-currency-switcher/classes/woocs_after_33.php:438
Stack trace:
#0 /home/fixxstaging/public_html/closet/wp-includes/class-wp-hook.php(288): WOOCS->woocommerce_add_to_cart_hash('')
#1 /home/fixxstaging/public_html/closet/wp-includes/plugin.php(208): WP_Hook->apply_filters('', Array)
#2 /home/fixxstaging/public_html/closet/wp-content/plugins/woocommerce/includes/class-wc-ajax.php(182): apply_filters('woocommerce_add...', '', Array)
#3 /home/fixxstaging/public_html/closet/wp-includes/class-wp-hook.php(286): WC_AJAX::get_refreshed_fragments('')
#4 /home/fixxstaging/public_html/closet/wp-includes/class-wp-hook.php(310): WP_Hook->apply_filters('', Array)
#5 /home/fixxstaging/public_html/closet/wp-includes/plugin.php(465): WP_Hook->do_actio in /home/fixxstaging/public_html/closet/wp-content/plugins/woocommerce-currency-switcher/classes/woocs_after_33.php on line 438

2019-05-21T07:07:54+00:00 CRITICAL Uncaught ArgumentCountError: Too few arguments to function WOOCS::woocommerce_add_to_cart_hash(), 1 passed in /home/fixxstaging/public_html/closet/wp-includes/class-wp-hook.php on line 288 and exactly 2 expected in /home/fixxstaging/public_html/closet/wp-content/plugins/woocommerce-currency-switcher/classes/woocs_after_33.php:438
Stack trace:
#0 /home/fixxstaging/public_html/closet/wp-includes/class-wp-hook.php(288): WOOCS->woocommerce_add_to_cart_hash('')
#1 /home/fixxstaging/public_html/closet/wp-includes/plugin.php(208): WP_Hook->apply_filters('', Array)
#2 /home/fixxstaging/public_html/closet/wp-content/plugins/woocommerce/includes/class-wc-ajax.php(182): apply_filters('woocommerce_add...', '', Array)
#3 /home/fixxstaging/public_html/closet/wp-includes/class-wp-hook.php(286): WC_AJAX::get_refreshed_fragments('')
#4 /home/fixxstaging/public_html/closet/wp-includes/class-wp-hook.php(310): WP_Hook->apply_filters('', Array)
#5 /home/fixxstaging/public_html/closet/wp-includes/plugin.php(465): WP_Hook->do_actio in /home/fixxstaging/public_html/closet/wp-content/plugins/woocommerce-currency-switcher/classes/woocs_after_33.php on line 438

2019-05-21T07:08:02+00:00 CRITICAL Uncaught ArgumentCountError: Too few arguments to function WOOCS::woocommerce_add_to_cart_hash(), 1 passed in /home/fixxstaging/public_html/closet/wp-includes/class-wp-hook.php on line 288 and exactly 2 expected in /home/fixxstaging/public_html/closet/wp-content/plugins/woocommerce-currency-switcher/classes/woocs_after_33.php:438
Stack trace:
#0 /home/fixxstaging/public_html/closet/wp-includes/class-wp-hook.php(288): WOOCS->woocommerce_add_to_cart_hash('')
#1 /home/fixxstaging/public_html/closet/wp-includes/plugin.php(208): WP_Hook->apply_filters('', Array)
#2 /home/fixxstaging/public_html/closet/wp-content/plugins/woocommerce/includes/class-wc-ajax.php(182): apply_filters('woocommerce_add...', '', Array)
#3 /home/fixxstaging/public_html/closet/wp-includes/class-wp-hook.php(286): WC_AJAX::get_refreshed_fragments('')
#4 /home/fixxstaging/public_html/closet/wp-includes/class-wp-hook.php(310): WP_Hook->apply_filters('', Array)
#5 /home/fixxstaging/public_html/closet/wp-includes/plugin.php(465): WP_Hook->do_actio in /home/fixxstaging/public_html/closet/wp-content/plugins/woocommerce-currency-switcher/classes/woocs_after_33.php on line 438

2019-05-21T07:08:02+00:00 CRITICAL Uncaught ArgumentCountError: Too few arguments to function WOOCS::woocommerce_add_to_cart_hash(), 1 passed in /home/fixxstaging/public_html/closet/wp-includes/class-wp-hook.php on line 288 and exactly 2 expected in /home/fixxstaging/public_html/closet/wp-content/plugins/woocommerce-currency-switcher/classes/woocs_after_33.php:438
Stack trace:
#0 /home/fixxstaging/public_html/closet/wp-includes/class-wp-hook.php(288): WOOCS->woocommerce_add_to_cart_hash('')
#1 /home/fixxstaging/public_html/closet/wp-includes/plugin.php(208): WP_Hook->apply_filters('', Array)
#2 /home/fixxstaging/public_html/closet/wp-content/plugins/woocommerce/includes/class-wc-ajax.php(182): apply_filters('woocommerce_add...', '', Array)
#3 /home/fixxstaging/public_html/closet/wp-includes/class-wp-hook.php(286): WC_AJAX::get_refreshed_fragments('')
#4 /home/fixxstaging/public_html/closet/wp-includes/class-wp-hook.php(310): WP_Hook->apply_filters('', Array)
#5 /home/fixxstaging/public_html/closet/wp-includes/plugin.php(465): WP_Hook->do_actio in /home/fixxstaging/public_html/closet/wp-content/plugins/woocommerce-currency-switcher/classes/woocs_after_33.php on line 438

2019-05-21T07:08:38+00:00 CRITICAL Uncaught ArgumentCountError: Too few arguments to function WOOCS::woocommerce_add_to_cart_hash(), 1 passed in /home/fixxstaging/public_html/closet/wp-includes/class-wp-hook.php on line 288 and exactly 2 expected in /home/fixxstaging/public_html/closet/wp-content/plugins/woocommerce-currency-switcher/classes/woocs_after_33.php:438
Stack trace:
#0 /home/fixxstaging/public_html/closet/wp-includes/class-wp-hook.php(288): WOOCS->woocommerce_add_to_cart_hash('5ac90833c51e2c4...')
#1 /home/fixxstaging/public_html/closet/wp-includes/plugin.php(208): WP_Hook->apply_filters('5ac90833c51e2c4...', Array)
#2 /home/fixxstaging/public_html/closet/wp-content/plugins/woocommerce/includes/class-wc-ajax.php(182): apply_filters('woocommerce_add...', '5ac90833c51e2c4...', Array)
#3 /home/fixxstaging/public_html/closet/wp-includes/class-wp-hook.php(286): WC_AJAX::get_refreshed_fragments('')
#4 /home/fixxstaging/public_html/closet/wp-includes/class-wp-hook.php(310): WP_Hook->apply_filters('', Array)
#5 /home/fixxstaging/public_html in /home/fixxstaging/public_html/closet/wp-content/plugins/woocommerce-currency-switcher/classes/woocs_after_33.php on line 438

2019-05-21T07:08:38+00:00 CRITICAL Uncaught ArgumentCountError: Too few arguments to function WOOCS::woocommerce_add_to_cart_hash(), 1 passed in /home/fixxstaging/public_html/closet/wp-includes/class-wp-hook.php on line 288 and exactly 2 expected in /home/fixxstaging/public_html/closet/wp-content/plugins/woocommerce-currency-switcher/classes/woocs_after_33.php:438
Stack trace:
#0 /home/fixxstaging/public_html/closet/wp-includes/class-wp-hook.php(288): WOOCS->woocommerce_add_to_cart_hash('')
#1 /home/fixxstaging/public_html/closet/wp-includes/plugin.php(208): WP_Hook->apply_filters('', Array)
#2 /home/fixxstaging/public_html/closet/wp-content/plugins/woocommerce/includes/class-wc-ajax.php(182): apply_filters('woocommerce_add...', '', Array)
#3 /home/fixxstaging/public_html/closet/wp-includes/class-wp-hook.php(286): WC_AJAX::get_refreshed_fragments('')
#4 /home/fixxstaging/public_html/closet/wp-includes/class-wp-hook.php(310): WP_Hook->apply_filters('', Array)
#5 /home/fixxstaging/public_html/closet/wp-includes/plugin.php(465): WP_Hook->do_actio in /home/fixxstaging/public_html/closet/wp-content/plugins/woocommerce-currency-switcher/classes/woocs_after_33.php on line 438

2019-05-21T07:08:38+00:00 CRITICAL Uncaught ArgumentCountError: Too few arguments to function WOOCS::woocommerce_add_to_cart_hash(), 1 passed in /home/fixxstaging/public_html/closet/wp-includes/class-wp-hook.php on line 288 and exactly 2 expected in /home/fixxstaging/public_html/closet/wp-content/plugins/woocommerce-currency-switcher/classes/woocs_after_33.php:438
Stack trace:
#0 /home/fixxstaging/public_html/closet/wp-includes/class-wp-hook.php(288): WOOCS->woocommerce_add_to_cart_hash('')
#1 /home/fixxstaging/public_html/closet/wp-includes/plugin.php(208): WP_Hook->apply_filters('', Array)
#2 /home/fixxstaging/public_html/closet/wp-content/plugins/woocommerce/includes/class-wc-ajax.php(182): apply_filters('woocommerce_add...', '', Array)
#3 /home/fixxstaging/public_html/closet/wp-includes/class-wp-hook.php(286): WC_AJAX::get_refreshed_fragments('')
#4 /home/fixxstaging/public_html/closet/wp-includes/class-wp-hook.php(310): WP_Hook->apply_filters('', Array)
#5 /home/fixxstaging/public_html/closet/wp-includes/plugin.php(465): WP_Hook->do_actio in /home/fixxstaging/public_html/closet/wp-content/plugins/woocommerce-currency-switcher/classes/woocs_after_33.php on line 438

2019-05-21T07:09:04+00:00 CRITICAL Uncaught ArgumentCountError: Too few arguments to function WOOCS::woocommerce_add_to_cart_hash(), 1 passed in /home/fixxstaging/public_html/closet/wp-includes/class-wp-hook.php on line 288 and exactly 2 expected in /home/fixxstaging/public_html/closet/wp-content/plugins/woocommerce-currency-switcher/classes/woocs_after_33.php:438
Stack trace:
#0 /home/fixxstaging/public_html/closet/wp-includes/class-wp-hook.php(288): WOOCS->woocommerce_add_to_cart_hash('5ac90833c51e2c4...')
#1 /home/fixxstaging/public_html/closet/wp-includes/plugin.php(208): WP_Hook->apply_filters('5ac90833c51e2c4...', Array)
#2 /home/fixxstaging/public_html/closet/wp-content/plugins/woocommerce/includes/class-wc-ajax.php(182): apply_filters('woocommerce_add...', '5ac90833c51e2c4...', Array)
#3 /home/fixxstaging/public_html/closet/wp-includes/class-wp-hook.php(286): WC_AJAX::get_refreshed_fragments('')
#4 /home/fixxstaging/public_html/closet/wp-includes/class-wp-hook.php(310): WP_Hook->apply_filters('', Array)
#5 /home/fixxstaging/public_html in /home/fixxstaging/public_html/closet/wp-content/plugins/woocommerce-currency-switcher/classes/woocs_after_33.php on line 438

