2019-04-11T02:48:33+00:00 CRITICAL Uncaught Error: Call to undefined function get_fields() in /home/fixxstaging/public_html/closet/wp-content/themes/kona-child/header.php:4
Stack trace:
#0 /home/fixxstaging/public_html/closet/wp-includes/template.php(704): require_once()
#1 /home/fixxstaging/public_html/closet/wp-includes/template.php(653): load_template('/home/fixxstagi...', true)
#2 /home/fixxstaging/public_html/closet/wp-includes/general-template.php(41): locate_template(Array, true)
#3 /home/fixxstaging/public_html/closet/wp-content/themes/kona/page.php(10): get_header()
#4 /home/fixxstaging/public_html/closet/wp-includes/template-loader.php(77): include('/home/fixxstagi...')
#5 /home/fixxstaging/public_html/closet/wp-blog-header.php(19): require_once('/home/fixxstagi...')
#6 /home/fixxstaging/public_html/closet/index.php(17): require('/home/fixxstagi...')
#7 {main}
  thrown in /home/fixxstaging/public_html/closet/wp-content/themes/kona-child/header.php on line 4

2019-04-11T02:48:36+00:00 CRITICAL Uncaught Error: Call to undefined function get_fields() in /home/fixxstaging/public_html/closet/wp-content/themes/kona-child/header.php:4
Stack trace:
#0 /home/fixxstaging/public_html/closet/wp-includes/template.php(704): require_once()
#1 /home/fixxstaging/public_html/closet/wp-includes/template.php(653): load_template('/home/fixxstagi...', true)
#2 /home/fixxstaging/public_html/closet/wp-includes/general-template.php(41): locate_template(Array, true)
#3 /home/fixxstaging/public_html/closet/wp-content/themes/kona/page.php(10): get_header()
#4 /home/fixxstaging/public_html/closet/wp-includes/template-loader.php(77): include('/home/fixxstagi...')
#5 /home/fixxstaging/public_html/closet/wp-blog-header.php(19): require_once('/home/fixxstagi...')
#6 /home/fixxstaging/public_html/closet/index.php(17): require('/home/fixxstagi...')
#7 {main}
  thrown in /home/fixxstaging/public_html/closet/wp-content/themes/kona-child/header.php on line 4

