2019-04-23T05:42:45+00:00 INFO Array
(
    [Webhook Delivery] => Array
        (
            [Delivery ID] => 1e69eabb220441a54a63c7ac5e100a19
            [Date] => Apr 23, 2019 @ 5:42
            [URL] => https://closetbetastore.vendhq.com/channel_webhooks/1118479979888668672
            [Duration] => 1.38649
            [Request] => Array
                (
                    [Method] => POST
                    [Headers] => Array
                        (
                            [User-Agent] => WooCommerce/3.5.7 Hookshot (WordPress/5.1.1)
                            [Content-Type] => application/json
                            [X-WC-Webhook-Source] => http://fixxstaging.com/closet/
                            [X-WC-Webhook-Topic] => order.created
                            [X-WC-Webhook-Resource] => order
                            [X-WC-Webhook-Event] => created
                            [X-WC-Webhook-Signature] => +HgQq/prR5P0FzcpP/DjTrqzKWhkoWxYcd0sWK091s8=
                            [X-WC-Webhook-ID] => 1
                            [X-WC-Webhook-Delivery-ID] => 1e69eabb220441a54a63c7ac5e100a19
                        )

                )

            [Body] => Webhook body is not logged unless WP_DEBUG mode is turned on. This is to avoid the storing of personal data in the logs.
            [Response] => Array
                (
                    [Code] => 202
                    [Message] => Accepted
                    [Headers] => Requests_Utility_CaseInsensitiveDictionary Object
                        (
                            [data:protected] => Array
                                (
                                    [date] => Tue, 23 Apr 2019 05:42:45 GMT
                                    [content-type] => application/octet-stream
                                    [content-length] => 0
                                    [server] => openresty
                                    [x-amzn-trace-id] => Root=1-5cbea5d4-b0b885205ad0e24c0fb6db40
                                    [vend-rid] => b0b885205ad0e24c0fb6db40
                                    [vend-ingress] => duke-488fddeaab25
                                    [vend-canary] => rata_street
                                    [x-webkit-csp] => frame-ancestors 'self' *.vendhq.com; report-uri https://csp.api.vendhq.com/prod/report;
                                    [x-content-security-policy] => frame-ancestors 'self' *.vendhq.com; report-uri https://csp.api.vendhq.com/prod/report;
                                    [x-frame-options] => SAMEORIGIN
                                    [content-security-policy] => frame-ancestors 'self' *.vendhq.com; report-uri https://csp.api.vendhq.com/prod/report;
                                    [x-hue] => router-0ee11966e862f89f2
                                )

                        )

                    [Body] => Webhook body is not logged unless WP_DEBUG mode is turned on. This is to avoid the storing of personal data in the logs.
                )

        )

)

2019-04-23T05:42:46+00:00 INFO Array
(
    [Webhook Delivery] => Array
        (
            [Delivery ID] => f584c73e86641ed9d410ce958f3676b5
            [Date] => Apr 23, 2019 @ 5:42
            [URL] => https://closetbetastore.vendhq.com/channel_webhooks/1118479979888668672
            [Duration] => 1.06025
            [Request] => Array
                (
                    [Method] => POST
                    [Headers] => Array
                        (
                            [User-Agent] => WooCommerce/3.5.7 Hookshot (WordPress/5.1.1)
                            [Content-Type] => application/json
                            [X-WC-Webhook-Source] => http://fixxstaging.com/closet/
                            [X-WC-Webhook-Topic] => order.updated
                            [X-WC-Webhook-Resource] => order
                            [X-WC-Webhook-Event] => updated
                            [X-WC-Webhook-Signature] => +HgQq/prR5P0FzcpP/DjTrqzKWhkoWxYcd0sWK091s8=
                            [X-WC-Webhook-ID] => 2
                            [X-WC-Webhook-Delivery-ID] => f584c73e86641ed9d410ce958f3676b5
                        )

                )

            [Body] => Webhook body is not logged unless WP_DEBUG mode is turned on. This is to avoid the storing of personal data in the logs.
            [Response] => Array
                (
                    [Code] => 202
                    [Message] => Accepted
                    [Headers] => Requests_Utility_CaseInsensitiveDictionary Object
                        (
                            [data:protected] => Array
                                (
                                    [date] => Tue, 23 Apr 2019 05:42:46 GMT
                                    [content-type] => application/octet-stream
                                    [content-length] => 0
                                    [server] => openresty
                                    [x-amzn-trace-id] => Root=1-5cbea5d5-35dc3d8c2b2eb3c6716f5bc0
                                    [vend-rid] => 35dc3d8c2b2eb3c6716f5bc0
                                    [vend-ingress] => duke-e37031d529d1
                                    [vend-canary] => rata_street
                                    [x-webkit-csp] => frame-ancestors 'self' *.vendhq.com; report-uri https://csp.api.vendhq.com/prod/report;
                                    [x-content-security-policy] => frame-ancestors 'self' *.vendhq.com; report-uri https://csp.api.vendhq.com/prod/report;
                                    [x-frame-options] => SAMEORIGIN
                                    [content-security-policy] => frame-ancestors 'self' *.vendhq.com; report-uri https://csp.api.vendhq.com/prod/report;
                                    [x-hue] => router-0973f2ed495299b83
                                )

                        )

                    [Body] => Webhook body is not logged unless WP_DEBUG mode is turned on. This is to avoid the storing of personal data in the logs.
                )

        )

)

2019-04-23T05:42:47+00:00 INFO Array
(
    [Webhook Delivery] => Array
        (
            [Delivery ID] => d755034ec81b81c7583fdc5891992bf9
            [Date] => Apr 23, 2019 @ 5:42
            [URL] => https://closetbetastore.vendhq.com/channel_webhooks/1118479979888668672
            [Duration] => 1.16402
            [Request] => Array
                (
                    [Method] => POST
                    [Headers] => Array
                        (
                            [User-Agent] => WooCommerce/3.5.7 Hookshot (WordPress/5.1.1)
                            [Content-Type] => application/json
                            [X-WC-Webhook-Source] => http://fixxstaging.com/closet/
                            [X-WC-Webhook-Topic] => order.updated
                            [X-WC-Webhook-Resource] => order
                            [X-WC-Webhook-Event] => updated
                            [X-WC-Webhook-Signature] => +HgQq/prR5P0FzcpP/DjTrqzKWhkoWxYcd0sWK091s8=
                            [X-WC-Webhook-ID] => 2
                            [X-WC-Webhook-Delivery-ID] => d755034ec81b81c7583fdc5891992bf9
                        )

                )

            [Body] => Webhook body is not logged unless WP_DEBUG mode is turned on. This is to avoid the storing of personal data in the logs.
            [Response] => Array
                (
                    [Code] => 202
                    [Message] => Accepted
                    [Headers] => Requests_Utility_CaseInsensitiveDictionary Object
                        (
                            [data:protected] => Array
                                (
                                    [date] => Tue, 23 Apr 2019 05:42:47 GMT
                                    [content-type] => application/octet-stream
                                    [content-length] => 0
                                    [server] => openresty
                                    [x-amzn-trace-id] => Root=1-5cbea5d7-f68740c058103ec081ea2ac0
                                    [vend-rid] => f68740c058103ec081ea2ac0
                                    [vend-ingress] => duke-e37031d529d1
                                    [vend-canary] => rata_street
                                    [x-webkit-csp] => frame-ancestors 'self' *.vendhq.com; report-uri https://csp.api.vendhq.com/prod/report;
                                    [x-content-security-policy] => frame-ancestors 'self' *.vendhq.com; report-uri https://csp.api.vendhq.com/prod/report;
                                    [x-frame-options] => SAMEORIGIN
                                    [content-security-policy] => frame-ancestors 'self' *.vendhq.com; report-uri https://csp.api.vendhq.com/prod/report;
                                    [x-hue] => router-0973f2ed495299b83
                                )

                        )

                    [Body] => Webhook body is not logged unless WP_DEBUG mode is turned on. This is to avoid the storing of personal data in the logs.
                )

        )

)

