2019-04-30T04:58:33+00:00 INFO Array
(
    [Webhook Delivery] => Array
        (
            [Delivery ID] => 9b42cd28a6036f58fa9406b814a91c8c
            [Date] => Apr 30, 2019 @ 4:58
            [URL] => https://closetbetastore.vendhq.com/channel_webhooks/1118479979888668672
            [Duration] => 1.33434
            [Request] => Array
                (
                    [Method] => POST
                    [Headers] => Array
                        (
                            [User-Agent] => WooCommerce/3.5.7 Hookshot (WordPress/5.1.1)
                            [Content-Type] => application/json
                            [X-WC-Webhook-Source] => http://fixxstaging.com/closet/
                            [X-WC-Webhook-Topic] => order.created
                            [X-WC-Webhook-Resource] => order
                            [X-WC-Webhook-Event] => created
                            [X-WC-Webhook-Signature] => hZ/VXJKnf8ufh2u3X58IxKhgRGANB9X955DK4XDTQ4I=
                            [X-WC-Webhook-ID] => 1
                            [X-WC-Webhook-Delivery-ID] => 9b42cd28a6036f58fa9406b814a91c8c
                        )

                )

            [Body] => Webhook body is not logged unless WP_DEBUG mode is turned on. This is to avoid the storing of personal data in the logs.
            [Response] => Array
                (
                    [Code] => 202
                    [Message] => Accepted
                    [Headers] => Requests_Utility_CaseInsensitiveDictionary Object
                        (
                            [data:protected] => Array
                                (
                                    [date] => Tue, 30 Apr 2019 04:58:33 GMT
                                    [content-type] => application/octet-stream
                                    [content-length] => 0
                                    [server] => openresty
                                    [x-amzn-trace-id] => Root=1-5cc7d5f9-cc9ceaf9ffa765db86e2ec4d
                                    [vend-rid] => cc9ceaf9ffa765db86e2ec4d
                                    [vend-ingress] => duke-63757a1cf8d6
                                    [vend-canary] => rata_street
                                    [x-webkit-csp] => frame-ancestors 'self' *.vendhq.com; report-uri https://csp.api.vendhq.com/prod/report;
                                    [x-content-security-policy] => frame-ancestors 'self' *.vendhq.com; report-uri https://csp.api.vendhq.com/prod/report;
                                    [x-frame-options] => SAMEORIGIN
                                    [content-security-policy] => frame-ancestors 'self' *.vendhq.com; report-uri https://csp.api.vendhq.com/prod/report;
                                    [x-hue] => router-0973f2ed495299b83
                                )

                        )

                    [Body] => Webhook body is not logged unless WP_DEBUG mode is turned on. This is to avoid the storing of personal data in the logs.
                )

        )

)

2019-04-30T06:16:43+00:00 INFO Array
(
    [Webhook Delivery] => Array
        (
            [Delivery ID] => 9df4a9683178bc2d790d00fd56e2872c
            [Date] => Apr 30, 2019 @ 6:16
            [URL] => https://closetbetastore.vendhq.com/channel_webhooks/1118479979888668672
            [Duration] => 1.43313
            [Request] => Array
                (
                    [Method] => POST
                    [Headers] => Array
                        (
                            [User-Agent] => WooCommerce/3.5.7 Hookshot (WordPress/5.1.1)
                            [Content-Type] => application/json
                            [X-WC-Webhook-Source] => http://fixxstaging.com/closet/
                            [X-WC-Webhook-Topic] => order.updated
                            [X-WC-Webhook-Resource] => order
                            [X-WC-Webhook-Event] => updated
                            [X-WC-Webhook-Signature] => nErfr6OsFx4DWZE0XehZKIKniJvqmK5xYjLWyuLP3+k=
                            [X-WC-Webhook-ID] => 2
                            [X-WC-Webhook-Delivery-ID] => 9df4a9683178bc2d790d00fd56e2872c
                        )

                )

            [Body] => Webhook body is not logged unless WP_DEBUG mode is turned on. This is to avoid the storing of personal data in the logs.
            [Response] => Array
                (
                    [Code] => 202
                    [Message] => Accepted
                    [Headers] => Requests_Utility_CaseInsensitiveDictionary Object
                        (
                            [data:protected] => Array
                                (
                                    [date] => Tue, 30 Apr 2019 06:16:43 GMT
                                    [content-type] => application/octet-stream
                                    [content-length] => 0
                                    [server] => openresty
                                    [x-amzn-trace-id] => Root=1-5cc7e84a-36d2b86bfb3010038361c36e
                                    [vend-rid] => 36d2b86bfb3010038361c36e
                                    [vend-ingress] => duke-e37031d529d1
                                    [vend-canary] => rata_street
                                    [x-webkit-csp] => frame-ancestors 'self' *.vendhq.com; report-uri https://csp.api.vendhq.com/prod/report;
                                    [x-content-security-policy] => frame-ancestors 'self' *.vendhq.com; report-uri https://csp.api.vendhq.com/prod/report;
                                    [x-frame-options] => SAMEORIGIN
                                    [content-security-policy] => frame-ancestors 'self' *.vendhq.com; report-uri https://csp.api.vendhq.com/prod/report;
                                    [x-hue] => router-0973f2ed495299b83
                                )

                        )

                    [Body] => Webhook body is not logged unless WP_DEBUG mode is turned on. This is to avoid the storing of personal data in the logs.
                )

        )

)

