2019-04-22T04:33:05+00:00 INFO Array
(
    [Webhook Delivery] => Array
        (
            [Delivery ID] => d2758337f1930846244d604bfee053eb
            [Date] => Apr 22, 2019 @ 4:33
            [URL] => https://closetbetastore.vendhq.com/channel_webhooks/1118479979888668672
            [Duration] => 1.20851
            [Request] => Array
                (
                    [Method] => POST
                    [Headers] => Array
                        (
                            [User-Agent] => WooCommerce/3.5.7 Hookshot (WordPress/5.1.1)
                            [Content-Type] => application/json
                            [X-WC-Webhook-Source] => http://fixxstaging.com/closet/
                            [X-WC-Webhook-Topic] => order.deleted
                            [X-WC-Webhook-Resource] => order
                            [X-WC-Webhook-Event] => deleted
                            [X-WC-Webhook-Signature] => sNOvH9awCkE6NT3v70ABI0MdQr7x9+DipBDOr7i9t9k=
                            [X-WC-Webhook-ID] => 3
                            [X-WC-Webhook-Delivery-ID] => d2758337f1930846244d604bfee053eb
                        )

                )

            [Body] => Webhook body is not logged unless WP_DEBUG mode is turned on. This is to avoid the storing of personal data in the logs.
            [Response] => Array
                (
                    [Code] => 202
                    [Message] => Accepted
                    [Headers] => Requests_Utility_CaseInsensitiveDictionary Object
                        (
                            [data:protected] => Array
                                (
                                    [date] => Mon, 22 Apr 2019 04:33:04 GMT
                                    [content-type] => application/octet-stream
                                    [content-length] => 0
                                    [server] => openresty
                                    [x-amzn-trace-id] => Root=1-5cbd4400-01d9f47f2db07796baacd702
                                    [vend-rid] => 01d9f47f2db07796baacd702
                                    [vend-ingress] => duke-63757a1cf8d6
                                    [vend-canary] => rata_street
                                    [x-webkit-csp] => frame-ancestors 'self' *.vendhq.com; report-uri https://csp.api.vendhq.com/prod/report;
                                    [x-content-security-policy] => frame-ancestors 'self' *.vendhq.com; report-uri https://csp.api.vendhq.com/prod/report;
                                    [x-frame-options] => SAMEORIGIN
                                    [content-security-policy] => frame-ancestors 'self' *.vendhq.com; report-uri https://csp.api.vendhq.com/prod/report;
                                    [x-hue] => router-0973f2ed495299b83
                                )

                        )

                    [Body] => Webhook body is not logged unless WP_DEBUG mode is turned on. This is to avoid the storing of personal data in the logs.
                )

        )

)

2019-04-22T04:43:42+00:00 INFO Array
(
    [Webhook Delivery] => Array
        (
            [Delivery ID] => 1549ed416abb7d82a5c10b6744df3ccc
            [Date] => Apr 22, 2019 @ 4:43
            [URL] => https://closetbetastore.vendhq.com/channel_webhooks/1118479979888668672
            [Duration] => 0.99594
            [Request] => Array
                (
                    [Method] => POST
                    [Headers] => Array
                        (
                            [User-Agent] => WooCommerce/3.5.7 Hookshot (WordPress/5.1.1)
                            [Content-Type] => application/json
                            [X-WC-Webhook-Source] => http://fixxstaging.com/closet/
                            [X-WC-Webhook-Topic] => order.deleted
                            [X-WC-Webhook-Resource] => order
                            [X-WC-Webhook-Event] => deleted
                            [X-WC-Webhook-Signature] => 4+rNZ9hOB/S2YU9gkH9i2dfr40Es3Dl3h0NSD/q5ORU=
                            [X-WC-Webhook-ID] => 3
                            [X-WC-Webhook-Delivery-ID] => 1549ed416abb7d82a5c10b6744df3ccc
                        )

                )

            [Body] => Webhook body is not logged unless WP_DEBUG mode is turned on. This is to avoid the storing of personal data in the logs.
            [Response] => Array
                (
                    [Code] => 202
                    [Message] => Accepted
                    [Headers] => Requests_Utility_CaseInsensitiveDictionary Object
                        (
                            [data:protected] => Array
                                (
                                    [date] => Mon, 22 Apr 2019 04:43:42 GMT
                                    [content-type] => application/octet-stream
                                    [content-length] => 0
                                    [server] => openresty
                                    [x-amzn-trace-id] => Root=1-5cbd467e-5e4e2ec425debb9d8d0bffca
                                    [vend-rid] => 5e4e2ec425debb9d8d0bffca
                                    [vend-ingress] => duke-63757a1cf8d6
                                    [vend-canary] => rata_street
                                    [x-webkit-csp] => frame-ancestors 'self' *.vendhq.com; report-uri https://csp.api.vendhq.com/prod/report;
                                    [x-content-security-policy] => frame-ancestors 'self' *.vendhq.com; report-uri https://csp.api.vendhq.com/prod/report;
                                    [x-frame-options] => SAMEORIGIN
                                    [content-security-policy] => frame-ancestors 'self' *.vendhq.com; report-uri https://csp.api.vendhq.com/prod/report;
                                    [x-hue] => router-0534f761f0e0bbd77
                                )

                        )

                    [Body] => Webhook body is not logged unless WP_DEBUG mode is turned on. This is to avoid the storing of personal data in the logs.
                )

        )

)

2019-04-22T04:43:43+00:00 INFO Array
(
    [Webhook Delivery] => Array
        (
            [Delivery ID] => 5d4df93f3301a04246ed1021a436533e
            [Date] => Apr 22, 2019 @ 4:43
            [URL] => https://closetbetastore.vendhq.com/channel_webhooks/1118479979888668672
            [Duration] => 0.86288
            [Request] => Array
                (
                    [Method] => POST
                    [Headers] => Array
                        (
                            [User-Agent] => WooCommerce/3.5.7 Hookshot (WordPress/5.1.1)
                            [Content-Type] => application/json
                            [X-WC-Webhook-Source] => http://fixxstaging.com/closet/
                            [X-WC-Webhook-Topic] => order.deleted
                            [X-WC-Webhook-Resource] => order
                            [X-WC-Webhook-Event] => deleted
                            [X-WC-Webhook-Signature] => xoeTtnQhUZIxYYizMKu8QOnG0+c+P9nz50pz2qc8C80=
                            [X-WC-Webhook-ID] => 3
                            [X-WC-Webhook-Delivery-ID] => 5d4df93f3301a04246ed1021a436533e
                        )

                )

            [Body] => Webhook body is not logged unless WP_DEBUG mode is turned on. This is to avoid the storing of personal data in the logs.
            [Response] => Array
                (
                    [Code] => 202
                    [Message] => Accepted
                    [Headers] => Requests_Utility_CaseInsensitiveDictionary Object
                        (
                            [data:protected] => Array
                                (
                                    [date] => Mon, 22 Apr 2019 04:43:43 GMT
                                    [content-type] => application/octet-stream
                                    [content-length] => 0
                                    [server] => openresty
                                    [x-amzn-trace-id] => Root=1-5cbd467f-206a0aa8506b4eac0664fc34
                                    [vend-rid] => 206a0aa8506b4eac0664fc34
                                    [vend-ingress] => duke-e37031d529d1
                                    [vend-canary] => rata_street
                                    [x-webkit-csp] => frame-ancestors 'self' *.vendhq.com; report-uri https://csp.api.vendhq.com/prod/report;
                                    [x-content-security-policy] => frame-ancestors 'self' *.vendhq.com; report-uri https://csp.api.vendhq.com/prod/report;
                                    [x-frame-options] => SAMEORIGIN
                                    [content-security-policy] => frame-ancestors 'self' *.vendhq.com; report-uri https://csp.api.vendhq.com/prod/report;
                                    [x-hue] => router-0973f2ed495299b83
                                )

                        )

                    [Body] => Webhook body is not logged unless WP_DEBUG mode is turned on. This is to avoid the storing of personal data in the logs.
                )

        )

)

2019-04-22T04:43:44+00:00 INFO Array
(
    [Webhook Delivery] => Array
        (
            [Delivery ID] => 2dd231f292234c7bc7aef0eef98b4acd
            [Date] => Apr 22, 2019 @ 4:43
            [URL] => https://closetbetastore.vendhq.com/channel_webhooks/1118479979888668672
            [Duration] => 0.82884
            [Request] => Array
                (
                    [Method] => POST
                    [Headers] => Array
                        (
                            [User-Agent] => WooCommerce/3.5.7 Hookshot (WordPress/5.1.1)
                            [Content-Type] => application/json
                            [X-WC-Webhook-Source] => http://fixxstaging.com/closet/
                            [X-WC-Webhook-Topic] => order.deleted
                            [X-WC-Webhook-Resource] => order
                            [X-WC-Webhook-Event] => deleted
                            [X-WC-Webhook-Signature] => ST6/ane7IflMcwmfGVnx3wGfID+dQIG3c+0SHSqnxxs=
                            [X-WC-Webhook-ID] => 3
                            [X-WC-Webhook-Delivery-ID] => 2dd231f292234c7bc7aef0eef98b4acd
                        )

                )

            [Body] => Webhook body is not logged unless WP_DEBUG mode is turned on. This is to avoid the storing of personal data in the logs.
            [Response] => Array
                (
                    [Code] => 202
                    [Message] => Accepted
                    [Headers] => Requests_Utility_CaseInsensitiveDictionary Object
                        (
                            [data:protected] => Array
                                (
                                    [date] => Mon, 22 Apr 2019 04:43:44 GMT
                                    [content-type] => application/octet-stream
                                    [content-length] => 0
                                    [server] => openresty
                                    [x-amzn-trace-id] => Root=1-5cbd4680-93fc4284af2daf6e6c2d1b16
                                    [vend-rid] => 93fc4284af2daf6e6c2d1b16
                                    [vend-ingress] => duke-63757a1cf8d6
                                    [vend-canary] => rata_street
                                    [x-webkit-csp] => frame-ancestors 'self' *.vendhq.com; report-uri https://csp.api.vendhq.com/prod/report;
                                    [x-content-security-policy] => frame-ancestors 'self' *.vendhq.com; report-uri https://csp.api.vendhq.com/prod/report;
                                    [x-frame-options] => SAMEORIGIN
                                    [content-security-policy] => frame-ancestors 'self' *.vendhq.com; report-uri https://csp.api.vendhq.com/prod/report;
                                    [x-hue] => router-0973f2ed495299b83
                                )

                        )

                    [Body] => Webhook body is not logged unless WP_DEBUG mode is turned on. This is to avoid the storing of personal data in the logs.
                )

        )

)

2019-04-22T04:43:45+00:00 INFO Array
(
    [Webhook Delivery] => Array
        (
            [Delivery ID] => aeb237c2e4752cb12e248d852f13ebdc
            [Date] => Apr 22, 2019 @ 4:43
            [URL] => https://closetbetastore.vendhq.com/channel_webhooks/1118479979888668672
            [Duration] => 0.83497
            [Request] => Array
                (
                    [Method] => POST
                    [Headers] => Array
                        (
                            [User-Agent] => WooCommerce/3.5.7 Hookshot (WordPress/5.1.1)
                            [Content-Type] => application/json
                            [X-WC-Webhook-Source] => http://fixxstaging.com/closet/
                            [X-WC-Webhook-Topic] => order.deleted
                            [X-WC-Webhook-Resource] => order
                            [X-WC-Webhook-Event] => deleted
                            [X-WC-Webhook-Signature] => 0vDt8Td/xYq5sjuOy9SO2Vw1UMS+mBYylCcgiFj83DI=
                            [X-WC-Webhook-ID] => 3
                            [X-WC-Webhook-Delivery-ID] => aeb237c2e4752cb12e248d852f13ebdc
                        )

                )

            [Body] => Webhook body is not logged unless WP_DEBUG mode is turned on. This is to avoid the storing of personal data in the logs.
            [Response] => Array
                (
                    [Code] => 202
                    [Message] => Accepted
                    [Headers] => Requests_Utility_CaseInsensitiveDictionary Object
                        (
                            [data:protected] => Array
                                (
                                    [date] => Mon, 22 Apr 2019 04:43:45 GMT
                                    [content-type] => application/octet-stream
                                    [content-length] => 0
                                    [server] => openresty
                                    [x-amzn-trace-id] => Root=1-5cbd4681-db602a889895ec2cc085ed21
                                    [vend-rid] => db602a889895ec2cc085ed21
                                    [vend-ingress] => duke-488fddeaab25
                                    [vend-canary] => rata_street
                                    [x-webkit-csp] => frame-ancestors 'self' *.vendhq.com; report-uri https://csp.api.vendhq.com/prod/report;
                                    [x-content-security-policy] => frame-ancestors 'self' *.vendhq.com; report-uri https://csp.api.vendhq.com/prod/report;
                                    [x-frame-options] => SAMEORIGIN
                                    [content-security-policy] => frame-ancestors 'self' *.vendhq.com; report-uri https://csp.api.vendhq.com/prod/report;
                                    [x-hue] => router-0ee11966e862f89f2
                                )

                        )

                    [Body] => Webhook body is not logged unless WP_DEBUG mode is turned on. This is to avoid the storing of personal data in the logs.
                )

        )

)

2019-04-22T04:50:45+00:00 INFO Array
(
    [Webhook Delivery] => Array
        (
            [Delivery ID] => df100820c44b14b4b57efa81e55868f5
            [Date] => Apr 22, 2019 @ 4:50
            [URL] => https://closetbetastore.vendhq.com/channel_webhooks/1118479979888668672
            [Duration] => 1.17706
            [Request] => Array
                (
                    [Method] => POST
                    [Headers] => Array
                        (
                            [User-Agent] => WooCommerce/3.5.7 Hookshot (WordPress/5.1.1)
                            [Content-Type] => application/json
                            [X-WC-Webhook-Source] => http://fixxstaging.com/closet/
                            [X-WC-Webhook-Topic] => order.updated
                            [X-WC-Webhook-Resource] => order
                            [X-WC-Webhook-Event] => updated
                            [X-WC-Webhook-Signature] => qaugx4tmNaACXB0JUECP9AZxTA3sWtMxtthSQnJUt/Y=
                            [X-WC-Webhook-ID] => 2
                            [X-WC-Webhook-Delivery-ID] => df100820c44b14b4b57efa81e55868f5
                        )

                )

            [Body] => Webhook body is not logged unless WP_DEBUG mode is turned on. This is to avoid the storing of personal data in the logs.
            [Response] => Array
                (
                    [Code] => 202
                    [Message] => Accepted
                    [Headers] => Requests_Utility_CaseInsensitiveDictionary Object
                        (
                            [data:protected] => Array
                                (
                                    [date] => Mon, 22 Apr 2019 04:50:45 GMT
                                    [content-type] => application/octet-stream
                                    [content-length] => 0
                                    [server] => openresty
                                    [x-amzn-trace-id] => Root=1-5cbd4825-b495bcc4431cf3847f9b2208
                                    [vend-rid] => b495bcc4431cf3847f9b2208
                                    [vend-ingress] => duke-63757a1cf8d6
                                    [vend-canary] => rata_street
                                    [x-webkit-csp] => frame-ancestors 'self' *.vendhq.com; report-uri https://csp.api.vendhq.com/prod/report;
                                    [x-content-security-policy] => frame-ancestors 'self' *.vendhq.com; report-uri https://csp.api.vendhq.com/prod/report;
                                    [x-frame-options] => SAMEORIGIN
                                    [content-security-policy] => frame-ancestors 'self' *.vendhq.com; report-uri https://csp.api.vendhq.com/prod/report;
                                    [x-hue] => router-0ee11966e862f89f2
                                )

                        )

                    [Body] => Webhook body is not logged unless WP_DEBUG mode is turned on. This is to avoid the storing of personal data in the logs.
                )

        )

)

2019-04-22T04:51:45+00:00 INFO Array
(
    [Webhook Delivery] => Array
        (
            [Delivery ID] => a4e80a4ce2a590fa88a4308a1f16a2f5
            [Date] => Apr 22, 2019 @ 4:51
            [URL] => https://closetbetastore.vendhq.com/channel_webhooks/1118479979888668672
            [Duration] => 1.1594
            [Request] => Array
                (
                    [Method] => POST
                    [Headers] => Array
                        (
                            [User-Agent] => WooCommerce/3.5.7 Hookshot (WordPress/5.1.1)
                            [Content-Type] => application/json
                            [X-WC-Webhook-Source] => http://fixxstaging.com/closet/
                            [X-WC-Webhook-Topic] => order.updated
                            [X-WC-Webhook-Resource] => order
                            [X-WC-Webhook-Event] => updated
                            [X-WC-Webhook-Signature] => UzhuA1d7uJpLqIKGv8FseqWJLfX68JOUCeDrffaAseA=
                            [X-WC-Webhook-ID] => 2
                            [X-WC-Webhook-Delivery-ID] => a4e80a4ce2a590fa88a4308a1f16a2f5
                        )

                )

            [Body] => Webhook body is not logged unless WP_DEBUG mode is turned on. This is to avoid the storing of personal data in the logs.
            [Response] => Array
                (
                    [Code] => 202
                    [Message] => Accepted
                    [Headers] => Requests_Utility_CaseInsensitiveDictionary Object
                        (
                            [data:protected] => Array
                                (
                                    [date] => Mon, 22 Apr 2019 04:51:45 GMT
                                    [content-type] => application/octet-stream
                                    [content-length] => 0
                                    [server] => openresty
                                    [x-amzn-trace-id] => Root=1-5cbd4861-47192c0cd5d945311375a19b
                                    [vend-rid] => 47192c0cd5d945311375a19b
                                    [vend-ingress] => duke-e37031d529d1
                                    [vend-canary] => rata_street
                                    [x-webkit-csp] => frame-ancestors 'self' *.vendhq.com; report-uri https://csp.api.vendhq.com/prod/report;
                                    [x-content-security-policy] => frame-ancestors 'self' *.vendhq.com; report-uri https://csp.api.vendhq.com/prod/report;
                                    [x-frame-options] => SAMEORIGIN
                                    [content-security-policy] => frame-ancestors 'self' *.vendhq.com; report-uri https://csp.api.vendhq.com/prod/report;
                                    [x-hue] => router-0534f761f0e0bbd77
                                )

                        )

                    [Body] => Webhook body is not logged unless WP_DEBUG mode is turned on. This is to avoid the storing of personal data in the logs.
                )

        )

)

2019-04-22T04:58:41+00:00 INFO Array
(
    [Webhook Delivery] => Array
        (
            [Delivery ID] => 98e248fba0103a62d63b0068a1173b3e
            [Date] => Apr 22, 2019 @ 4:58
            [URL] => https://closetbetastore.vendhq.com/channel_webhooks/1118479979888668672
            [Duration] => 1.28436
            [Request] => Array
                (
                    [Method] => POST
                    [Headers] => Array
                        (
                            [User-Agent] => WooCommerce/3.5.7 Hookshot (WordPress/5.1.1)
                            [Content-Type] => application/json
                            [X-WC-Webhook-Source] => http://fixxstaging.com/closet/
                            [X-WC-Webhook-Topic] => order.created
                            [X-WC-Webhook-Resource] => order
                            [X-WC-Webhook-Event] => created
                            [X-WC-Webhook-Signature] => 99Uj/dfw2znc3c+jq8t0tVLOwKW1Q9mMLU6oubOzsfE=
                            [X-WC-Webhook-ID] => 1
                            [X-WC-Webhook-Delivery-ID] => 98e248fba0103a62d63b0068a1173b3e
                        )

                )

            [Body] => Webhook body is not logged unless WP_DEBUG mode is turned on. This is to avoid the storing of personal data in the logs.
            [Response] => Array
                (
                    [Code] => 202
                    [Message] => Accepted
                    [Headers] => Requests_Utility_CaseInsensitiveDictionary Object
                        (
                            [data:protected] => Array
                                (
                                    [date] => Mon, 22 Apr 2019 04:58:40 GMT
                                    [content-type] => application/octet-stream
                                    [content-length] => 0
                                    [server] => openresty
                                    [x-amzn-trace-id] => Root=1-5cbd4a00-2e8b09c0ab1cd200675e4080
                                    [vend-rid] => 2e8b09c0ab1cd200675e4080
                                    [vend-ingress] => duke-75030145af4b
                                    [vend-canary] => rata_street
                                    [x-webkit-csp] => frame-ancestors 'self' *.vendhq.com; report-uri https://csp.api.vendhq.com/prod/report;
                                    [x-content-security-policy] => frame-ancestors 'self' *.vendhq.com; report-uri https://csp.api.vendhq.com/prod/report;
                                    [x-frame-options] => SAMEORIGIN
                                    [content-security-policy] => frame-ancestors 'self' *.vendhq.com; report-uri https://csp.api.vendhq.com/prod/report;
                                    [x-hue] => router-0973f2ed495299b83
                                )

                        )

                    [Body] => Webhook body is not logged unless WP_DEBUG mode is turned on. This is to avoid the storing of personal data in the logs.
                )

        )

)

2019-04-22T04:58:42+00:00 INFO Array
(
    [Webhook Delivery] => Array
        (
            [Delivery ID] => 11e9a41513da62be735d850bf0944f96
            [Date] => Apr 22, 2019 @ 4:58
            [URL] => https://closetbetastore.vendhq.com/channel_webhooks/1118479979888668672
            [Duration] => 1.15171
            [Request] => Array
                (
                    [Method] => POST
                    [Headers] => Array
                        (
                            [User-Agent] => WooCommerce/3.5.7 Hookshot (WordPress/5.1.1)
                            [Content-Type] => application/json
                            [X-WC-Webhook-Source] => http://fixxstaging.com/closet/
                            [X-WC-Webhook-Topic] => order.updated
                            [X-WC-Webhook-Resource] => order
                            [X-WC-Webhook-Event] => updated
                            [X-WC-Webhook-Signature] => 99Uj/dfw2znc3c+jq8t0tVLOwKW1Q9mMLU6oubOzsfE=
                            [X-WC-Webhook-ID] => 2
                            [X-WC-Webhook-Delivery-ID] => 11e9a41513da62be735d850bf0944f96
                        )

                )

            [Body] => Webhook body is not logged unless WP_DEBUG mode is turned on. This is to avoid the storing of personal data in the logs.
            [Response] => Array
                (
                    [Code] => 202
                    [Message] => Accepted
                    [Headers] => Requests_Utility_CaseInsensitiveDictionary Object
                        (
                            [data:protected] => Array
                                (
                                    [date] => Mon, 22 Apr 2019 04:58:42 GMT
                                    [content-type] => application/octet-stream
                                    [content-length] => 0
                                    [server] => openresty
                                    [x-amzn-trace-id] => Root=1-5cbd4a01-c5c40a66a0a52295ed445b59
                                    [vend-rid] => c5c40a66a0a52295ed445b59
                                    [vend-ingress] => duke-e37031d529d1
                                    [vend-canary] => rata_street
                                    [x-webkit-csp] => frame-ancestors 'self' *.vendhq.com; report-uri https://csp.api.vendhq.com/prod/report;
                                    [x-content-security-policy] => frame-ancestors 'self' *.vendhq.com; report-uri https://csp.api.vendhq.com/prod/report;
                                    [x-frame-options] => SAMEORIGIN
                                    [content-security-policy] => frame-ancestors 'self' *.vendhq.com; report-uri https://csp.api.vendhq.com/prod/report;
                                    [x-hue] => router-0973f2ed495299b83
                                )

                        )

                    [Body] => Webhook body is not logged unless WP_DEBUG mode is turned on. This is to avoid the storing of personal data in the logs.
                )

        )

)

2019-04-22T05:02:42+00:00 INFO Array
(
    [Webhook Delivery] => Array
        (
            [Delivery ID] => 98f5451f30e848854c4f8dd5c07d33bf
            [Date] => Apr 22, 2019 @ 5:02
            [URL] => https://closetbetastore.vendhq.com/channel_webhooks/1118479979888668672
            [Duration] => 1.20491
            [Request] => Array
                (
                    [Method] => POST
                    [Headers] => Array
                        (
                            [User-Agent] => WooCommerce/3.5.7 Hookshot (WordPress/5.1.1)
                            [Content-Type] => application/json
                            [X-WC-Webhook-Source] => http://fixxstaging.com/closet/
                            [X-WC-Webhook-Topic] => order.created
                            [X-WC-Webhook-Resource] => order
                            [X-WC-Webhook-Event] => created
                            [X-WC-Webhook-Signature] => +Aw0+vsWdBsi1LT2xsDWLEy4vhb/2Kk5AZeEGekX/TE=
                            [X-WC-Webhook-ID] => 1
                            [X-WC-Webhook-Delivery-ID] => 98f5451f30e848854c4f8dd5c07d33bf
                        )

                )

            [Body] => Webhook body is not logged unless WP_DEBUG mode is turned on. This is to avoid the storing of personal data in the logs.
            [Response] => Array
                (
                    [Code] => 202
                    [Message] => Accepted
                    [Headers] => Requests_Utility_CaseInsensitiveDictionary Object
                        (
                            [data:protected] => Array
                                (
                                    [date] => Mon, 22 Apr 2019 05:02:42 GMT
                                    [content-type] => application/octet-stream
                                    [content-length] => 0
                                    [server] => openresty
                                    [x-amzn-trace-id] => Root=1-5cbd4af2-96cda548f826ce2056d48e20
                                    [vend-rid] => 96cda548f826ce2056d48e20
                                    [vend-ingress] => duke-488fddeaab25
                                    [vend-canary] => rata_street
                                    [x-webkit-csp] => frame-ancestors 'self' *.vendhq.com; report-uri https://csp.api.vendhq.com/prod/report;
                                    [x-content-security-policy] => frame-ancestors 'self' *.vendhq.com; report-uri https://csp.api.vendhq.com/prod/report;
                                    [x-frame-options] => SAMEORIGIN
                                    [content-security-policy] => frame-ancestors 'self' *.vendhq.com; report-uri https://csp.api.vendhq.com/prod/report;
                                    [x-hue] => router-0534f761f0e0bbd77
                                )

                        )

                    [Body] => Webhook body is not logged unless WP_DEBUG mode is turned on. This is to avoid the storing of personal data in the logs.
                )

        )

)

2019-04-22T05:02:44+00:00 INFO Array
(
    [Webhook Delivery] => Array
        (
            [Delivery ID] => 1e6deab54b8ec2fb1663ba9a48af5066
            [Date] => Apr 22, 2019 @ 5:02
            [URL] => https://closetbetastore.vendhq.com/channel_webhooks/1118479979888668672
            [Duration] => 1.21717
            [Request] => Array
                (
                    [Method] => POST
                    [Headers] => Array
                        (
                            [User-Agent] => WooCommerce/3.5.7 Hookshot (WordPress/5.1.1)
                            [Content-Type] => application/json
                            [X-WC-Webhook-Source] => http://fixxstaging.com/closet/
                            [X-WC-Webhook-Topic] => order.updated
                            [X-WC-Webhook-Resource] => order
                            [X-WC-Webhook-Event] => updated
                            [X-WC-Webhook-Signature] => i8scWZZqttnYJGz5wya1cuuyZo4bXG88perk+kCknOk=
                            [X-WC-Webhook-ID] => 2
                            [X-WC-Webhook-Delivery-ID] => 1e6deab54b8ec2fb1663ba9a48af5066
                        )

                )

            [Body] => Webhook body is not logged unless WP_DEBUG mode is turned on. This is to avoid the storing of personal data in the logs.
            [Response] => Array
                (
                    [Code] => 202
                    [Message] => Accepted
                    [Headers] => Requests_Utility_CaseInsensitiveDictionary Object
                        (
                            [data:protected] => Array
                                (
                                    [date] => Mon, 22 Apr 2019 05:02:44 GMT
                                    [content-type] => application/octet-stream
                                    [content-length] => 0
                                    [server] => openresty
                                    [x-amzn-trace-id] => Root=1-5cbd4af3-55722bcd89e90dd3a15b72fe
                                    [vend-rid] => 55722bcd89e90dd3a15b72fe
                                    [vend-ingress] => duke-63757a1cf8d6
                                    [vend-canary] => rata_street
                                    [x-webkit-csp] => frame-ancestors 'self' *.vendhq.com; report-uri https://csp.api.vendhq.com/prod/report;
                                    [x-content-security-policy] => frame-ancestors 'self' *.vendhq.com; report-uri https://csp.api.vendhq.com/prod/report;
                                    [x-frame-options] => SAMEORIGIN
                                    [content-security-policy] => frame-ancestors 'self' *.vendhq.com; report-uri https://csp.api.vendhq.com/prod/report;
                                    [x-hue] => router-0534f761f0e0bbd77
                                )

                        )

                    [Body] => Webhook body is not logged unless WP_DEBUG mode is turned on. This is to avoid the storing of personal data in the logs.
                )

        )

)

2019-04-22T05:02:48+00:00 INFO Array
(
    [Webhook Delivery] => Array
        (
            [Delivery ID] => 2aa43146a05730a4359581ae41a720b7
            [Date] => Apr 22, 2019 @ 5:02
            [URL] => https://closetbetastore.vendhq.com/channel_webhooks/1118479979888668672
            [Duration] => 1.13187
            [Request] => Array
                (
                    [Method] => POST
                    [Headers] => Array
                        (
                            [User-Agent] => WooCommerce/3.5.7 Hookshot (WordPress/5.1.1)
                            [Content-Type] => application/json
                            [X-WC-Webhook-Source] => https://fixxstaging.com/closet/
                            [X-WC-Webhook-Topic] => order.updated
                            [X-WC-Webhook-Resource] => order
                            [X-WC-Webhook-Event] => updated
                            [X-WC-Webhook-Signature] => i8scWZZqttnYJGz5wya1cuuyZo4bXG88perk+kCknOk=
                            [X-WC-Webhook-ID] => 2
                            [X-WC-Webhook-Delivery-ID] => 2aa43146a05730a4359581ae41a720b7
                        )

                )

            [Body] => Webhook body is not logged unless WP_DEBUG mode is turned on. This is to avoid the storing of personal data in the logs.
            [Response] => Array
                (
                    [Code] => 202
                    [Message] => Accepted
                    [Headers] => Requests_Utility_CaseInsensitiveDictionary Object
                        (
                            [data:protected] => Array
                                (
                                    [date] => Mon, 22 Apr 2019 05:02:48 GMT
                                    [content-type] => application/octet-stream
                                    [content-length] => 0
                                    [server] => openresty
                                    [x-amzn-trace-id] => Root=1-5cbd4af8-c723edc93c4431d516eb88f7
                                    [vend-rid] => c723edc93c4431d516eb88f7
                                    [vend-ingress] => duke-63757a1cf8d6
                                    [vend-canary] => rata_street
                                    [x-webkit-csp] => frame-ancestors 'self' *.vendhq.com; report-uri https://csp.api.vendhq.com/prod/report;
                                    [x-content-security-policy] => frame-ancestors 'self' *.vendhq.com; report-uri https://csp.api.vendhq.com/prod/report;
                                    [x-frame-options] => SAMEORIGIN
                                    [content-security-policy] => frame-ancestors 'self' *.vendhq.com; report-uri https://csp.api.vendhq.com/prod/report;
                                    [x-hue] => router-0ee11966e862f89f2
                                )

                        )

                    [Body] => Webhook body is not logged unless WP_DEBUG mode is turned on. This is to avoid the storing of personal data in the logs.
                )

        )

)

2019-04-22T05:03:46+00:00 INFO Array
(
    [Webhook Delivery] => Array
        (
            [Delivery ID] => 1fcbe9c1177421c64f17056dff11b125
            [Date] => Apr 22, 2019 @ 5:03
            [URL] => https://closetbetastore.vendhq.com/channel_webhooks/1118479979888668672
            [Duration] => 1.14848
            [Request] => Array
                (
                    [Method] => POST
                    [Headers] => Array
                        (
                            [User-Agent] => WooCommerce/3.5.7 Hookshot (WordPress/5.1.1)
                            [Content-Type] => application/json
                            [X-WC-Webhook-Source] => http://fixxstaging.com/closet/
                            [X-WC-Webhook-Topic] => order.updated
                            [X-WC-Webhook-Resource] => order
                            [X-WC-Webhook-Event] => updated
                            [X-WC-Webhook-Signature] => 6CGb6Y6kthEqlzHN90NaKB3OesG1evxCJGIZzdRJ6+U=
                            [X-WC-Webhook-ID] => 2
                            [X-WC-Webhook-Delivery-ID] => 1fcbe9c1177421c64f17056dff11b125
                        )

                )

            [Body] => Webhook body is not logged unless WP_DEBUG mode is turned on. This is to avoid the storing of personal data in the logs.
            [Response] => Array
                (
                    [Code] => 202
                    [Message] => Accepted
                    [Headers] => Requests_Utility_CaseInsensitiveDictionary Object
                        (
                            [data:protected] => Array
                                (
                                    [date] => Mon, 22 Apr 2019 05:03:46 GMT
                                    [content-type] => application/octet-stream
                                    [content-length] => 0
                                    [server] => openresty
                                    [x-amzn-trace-id] => Root=1-5cbd4b32-7bdfbdfca93dfa44abddfa30
                                    [vend-rid] => 7bdfbdfca93dfa44abddfa30
                                    [vend-ingress] => duke-b258e9e07e44
                                    [vend-canary] => rata_street
                                    [x-webkit-csp] => frame-ancestors 'self' *.vendhq.com; report-uri https://csp.api.vendhq.com/prod/report;
                                    [x-content-security-policy] => frame-ancestors 'self' *.vendhq.com; report-uri https://csp.api.vendhq.com/prod/report;
                                    [x-frame-options] => SAMEORIGIN
                                    [content-security-policy] => frame-ancestors 'self' *.vendhq.com; report-uri https://csp.api.vendhq.com/prod/report;
                                    [x-hue] => router-0ee11966e862f89f2
                                )

                        )

                    [Body] => Webhook body is not logged unless WP_DEBUG mode is turned on. This is to avoid the storing of personal data in the logs.
                )

        )

)

2019-04-22T06:12:43+00:00 INFO Array
(
    [Webhook Delivery] => Array
        (
            [Delivery ID] => 910ef250b3ed611dbd2ff22fe99c87ab
            [Date] => Apr 22, 2019 @ 6:12
            [URL] => https://closetbetastore.vendhq.com/channel_webhooks/1118479979888668672
            [Duration] => 1.42118
            [Request] => Array
                (
                    [Method] => POST
                    [Headers] => Array
                        (
                            [User-Agent] => WooCommerce/3.5.7 Hookshot (WordPress/5.1.1)
                            [Content-Type] => application/json
                            [X-WC-Webhook-Source] => http://fixxstaging.com/closet/
                            [X-WC-Webhook-Topic] => order.updated
                            [X-WC-Webhook-Resource] => order
                            [X-WC-Webhook-Event] => updated
                            [X-WC-Webhook-Signature] => w5POTQ2ks+l4JENxirtwMX+yeD11zqx3An+fA1uGU08=
                            [X-WC-Webhook-ID] => 2
                            [X-WC-Webhook-Delivery-ID] => 910ef250b3ed611dbd2ff22fe99c87ab
                        )

                )

            [Body] => Webhook body is not logged unless WP_DEBUG mode is turned on. This is to avoid the storing of personal data in the logs.
            [Response] => Array
                (
                    [Code] => 202
                    [Message] => Accepted
                    [Headers] => Requests_Utility_CaseInsensitiveDictionary Object
                        (
                            [data:protected] => Array
                                (
                                    [date] => Mon, 22 Apr 2019 06:12:43 GMT
                                    [content-type] => application/octet-stream
                                    [content-length] => 0
                                    [server] => openresty
                                    [x-amzn-trace-id] => Root=1-5cbd5b5a-c1577bbd5b926c0958a57bd0
                                    [vend-rid] => c1577bbd5b926c0958a57bd0
                                    [vend-ingress] => duke-488fddeaab25
                                    [vend-canary] => rata_street
                                    [x-webkit-csp] => frame-ancestors 'self' *.vendhq.com; report-uri https://csp.api.vendhq.com/prod/report;
                                    [x-content-security-policy] => frame-ancestors 'self' *.vendhq.com; report-uri https://csp.api.vendhq.com/prod/report;
                                    [x-frame-options] => SAMEORIGIN
                                    [content-security-policy] => frame-ancestors 'self' *.vendhq.com; report-uri https://csp.api.vendhq.com/prod/report;
                                    [x-hue] => router-0ee11966e862f89f2
                                )

                        )

                    [Body] => Webhook body is not logged unless WP_DEBUG mode is turned on. This is to avoid the storing of personal data in the logs.
                )

        )

)

2019-04-22T06:14:45+00:00 INFO Array
(
    [Webhook Delivery] => Array
        (
            [Delivery ID] => 842558a4ae6fb63f5efa2b2c78bd60ea
            [Date] => Apr 22, 2019 @ 6:14
            [URL] => https://closetbetastore.vendhq.com/channel_webhooks/1118479979888668672
            [Duration] => 1.25318
            [Request] => Array
                (
                    [Method] => POST
                    [Headers] => Array
                        (
                            [User-Agent] => WooCommerce/3.5.7 Hookshot (WordPress/5.1.1)
                            [Content-Type] => application/json
                            [X-WC-Webhook-Source] => http://fixxstaging.com/closet/
                            [X-WC-Webhook-Topic] => order.created
                            [X-WC-Webhook-Resource] => order
                            [X-WC-Webhook-Event] => created
                            [X-WC-Webhook-Signature] => xeAgoR080i5w6IFhrRGi0vtUo0pYxv9I9L6R8LvCvu8=
                            [X-WC-Webhook-ID] => 1
                            [X-WC-Webhook-Delivery-ID] => 842558a4ae6fb63f5efa2b2c78bd60ea
                        )

                )

            [Body] => Webhook body is not logged unless WP_DEBUG mode is turned on. This is to avoid the storing of personal data in the logs.
            [Response] => Array
                (
                    [Code] => 202
                    [Message] => Accepted
                    [Headers] => Requests_Utility_CaseInsensitiveDictionary Object
                        (
                            [data:protected] => Array
                                (
                                    [date] => Mon, 22 Apr 2019 06:14:45 GMT
                                    [content-type] => application/octet-stream
                                    [content-length] => 0
                                    [server] => openresty
                                    [x-amzn-trace-id] => Root=1-5cbd5bd4-b05ebeacddb952c57ac53a6e
                                    [vend-rid] => b05ebeacddb952c57ac53a6e
                                    [vend-ingress] => duke-63757a1cf8d6
                                    [vend-canary] => rata_street
                                    [x-webkit-csp] => frame-ancestors 'self' *.vendhq.com; report-uri https://csp.api.vendhq.com/prod/report;
                                    [x-content-security-policy] => frame-ancestors 'self' *.vendhq.com; report-uri https://csp.api.vendhq.com/prod/report;
                                    [x-frame-options] => SAMEORIGIN
                                    [content-security-policy] => frame-ancestors 'self' *.vendhq.com; report-uri https://csp.api.vendhq.com/prod/report;
                                    [x-hue] => router-0ee11966e862f89f2
                                )

                        )

                    [Body] => Webhook body is not logged unless WP_DEBUG mode is turned on. This is to avoid the storing of personal data in the logs.
                )

        )

)

2019-04-22T06:14:46+00:00 INFO Array
(
    [Webhook Delivery] => Array
        (
            [Delivery ID] => 56fa75dd0955c211da2ae1769225d3e3
            [Date] => Apr 22, 2019 @ 6:14
            [URL] => https://closetbetastore.vendhq.com/channel_webhooks/1118479979888668672
            [Duration] => 1.09886
            [Request] => Array
                (
                    [Method] => POST
                    [Headers] => Array
                        (
                            [User-Agent] => WooCommerce/3.5.7 Hookshot (WordPress/5.1.1)
                            [Content-Type] => application/json
                            [X-WC-Webhook-Source] => http://fixxstaging.com/closet/
                            [X-WC-Webhook-Topic] => order.updated
                            [X-WC-Webhook-Resource] => order
                            [X-WC-Webhook-Event] => updated
                            [X-WC-Webhook-Signature] => xeAgoR080i5w6IFhrRGi0vtUo0pYxv9I9L6R8LvCvu8=
                            [X-WC-Webhook-ID] => 2
                            [X-WC-Webhook-Delivery-ID] => 56fa75dd0955c211da2ae1769225d3e3
                        )

                )

            [Body] => Webhook body is not logged unless WP_DEBUG mode is turned on. This is to avoid the storing of personal data in the logs.
            [Response] => Array
                (
                    [Code] => 202
                    [Message] => Accepted
                    [Headers] => Requests_Utility_CaseInsensitiveDictionary Object
                        (
                            [data:protected] => Array
                                (
                                    [date] => Mon, 22 Apr 2019 06:14:46 GMT
                                    [content-type] => application/octet-stream
                                    [content-length] => 0
                                    [server] => openresty
                                    [x-amzn-trace-id] => Root=1-5cbd5bd5-8b32cccd7d90f6c2cf95abcc
                                    [vend-rid] => 8b32cccd7d90f6c2cf95abcc
                                    [vend-ingress] => duke-63757a1cf8d6
                                    [vend-canary] => rata_street
                                    [x-webkit-csp] => frame-ancestors 'self' *.vendhq.com; report-uri https://csp.api.vendhq.com/prod/report;
                                    [x-content-security-policy] => frame-ancestors 'self' *.vendhq.com; report-uri https://csp.api.vendhq.com/prod/report;
                                    [x-frame-options] => SAMEORIGIN
                                    [content-security-policy] => frame-ancestors 'self' *.vendhq.com; report-uri https://csp.api.vendhq.com/prod/report;
                                    [x-hue] => router-0ee11966e862f89f2
                                )

                        )

                    [Body] => Webhook body is not logged unless WP_DEBUG mode is turned on. This is to avoid the storing of personal data in the logs.
                )

        )

)

