2019-05-05T14:33:42+00:00 INFO Array
(
    [Webhook Delivery] => Array
        (
            [Delivery ID] => 4f6ec2177acf8d2c2a38bc805903ba39
            [Date] => May 5, 2019 @ 14:33
            [URL] => https://closetbetastore.vendhq.com/channel_webhooks/1118479979888668672
            [Duration] => 1.3353
            [Request] => Array
                (
                    [Method] => POST
                    [Headers] => Array
                        (
                            [User-Agent] => WooCommerce/3.5.7 Hookshot (WordPress/5.1.1)
                            [Content-Type] => application/json
                            [X-WC-Webhook-Source] => http://fixxstaging.com/closet/
                            [X-WC-Webhook-Topic] => order.updated
                            [X-WC-Webhook-Resource] => order
                            [X-WC-Webhook-Event] => updated
                            [X-WC-Webhook-Signature] => IXiEV5rpQW5r3qf3qonayViNBbXsrWY9StgORZbVtSA=
                            [X-WC-Webhook-ID] => 2
                            [X-WC-Webhook-Delivery-ID] => 4f6ec2177acf8d2c2a38bc805903ba39
                        )

                )

            [Body] => Webhook body is not logged unless WP_DEBUG mode is turned on. This is to avoid the storing of personal data in the logs.
            [Response] => Array
                (
                    [Code] => 202
                    [Message] => Accepted
                    [Headers] => Requests_Utility_CaseInsensitiveDictionary Object
                        (
                            [data:protected] => Array
                                (
                                    [date] => Sun, 05 May 2019 14:33:42 GMT
                                    [content-type] => application/octet-stream
                                    [content-length] => 0
                                    [server] => openresty
                                    [x-amzn-trace-id] => Root=1-5ccef446-ad864b40d993d74cc922f5f0
                                    [vend-rid] => ad864b40d993d74cc922f5f0
                                    [vend-ingress] => duke-5d7c13991cb1
                                    [vend-canary] => rata_street
                                    [x-webkit-csp] => frame-ancestors 'self' *.vendhq.com; report-uri https://csp.api.vendhq.com/prod/report;
                                    [x-content-security-policy] => frame-ancestors 'self' *.vendhq.com; report-uri https://csp.api.vendhq.com/prod/report;
                                    [x-frame-options] => SAMEORIGIN
                                    [content-security-policy] => frame-ancestors 'self' *.vendhq.com; report-uri https://csp.api.vendhq.com/prod/report;
                                    [x-hue] => router-0973f2ed495299b83
                                )

                        )

                    [Body] => Webhook body is not logged unless WP_DEBUG mode is turned on. This is to avoid the storing of personal data in the logs.
                )

        )

)

2019-05-05T14:34:48+00:00 INFO Array
(
    [Webhook Delivery] => Array
        (
            [Delivery ID] => 789186da51e072ab70c83b446bf9ddc4
            [Date] => May 5, 2019 @ 14:34
            [URL] => https://closetbetastore.vendhq.com/channel_webhooks/1118479979888668672
            [Duration] => 1.15914
            [Request] => Array
                (
                    [Method] => POST
                    [Headers] => Array
                        (
                            [User-Agent] => WooCommerce/3.5.7 Hookshot (WordPress/5.1.1)
                            [Content-Type] => application/json
                            [X-WC-Webhook-Source] => https://fixxstaging.com/closet/
                            [X-WC-Webhook-Topic] => order.updated
                            [X-WC-Webhook-Resource] => order
                            [X-WC-Webhook-Event] => updated
                            [X-WC-Webhook-Signature] => lfrp1KVioM6jX9nuhvQG++8ddv7CXnh0xKzmaFOtFYY=
                            [X-WC-Webhook-ID] => 2
                            [X-WC-Webhook-Delivery-ID] => 789186da51e072ab70c83b446bf9ddc4
                        )

                )

            [Body] => Webhook body is not logged unless WP_DEBUG mode is turned on. This is to avoid the storing of personal data in the logs.
            [Response] => Array
                (
                    [Code] => 202
                    [Message] => Accepted
                    [Headers] => Requests_Utility_CaseInsensitiveDictionary Object
                        (
                            [data:protected] => Array
                                (
                                    [date] => Sun, 05 May 2019 14:34:48 GMT
                                    [content-type] => application/octet-stream
                                    [content-length] => 0
                                    [server] => openresty
                                    [x-amzn-trace-id] => Root=1-5ccef488-7ddcf9df66adca56d7fa2403
                                    [vend-rid] => 7ddcf9df66adca56d7fa2403
                                    [vend-ingress] => duke-5d7c13991cb1
                                    [vend-canary] => rata_street
                                    [x-webkit-csp] => frame-ancestors 'self' *.vendhq.com; report-uri https://csp.api.vendhq.com/prod/report;
                                    [x-content-security-policy] => frame-ancestors 'self' *.vendhq.com; report-uri https://csp.api.vendhq.com/prod/report;
                                    [x-frame-options] => SAMEORIGIN
                                    [content-security-policy] => frame-ancestors 'self' *.vendhq.com; report-uri https://csp.api.vendhq.com/prod/report;
                                    [x-hue] => router-0534f761f0e0bbd77
                                )

                        )

                    [Body] => Webhook body is not logged unless WP_DEBUG mode is turned on. This is to avoid the storing of personal data in the logs.
                )

        )

)

