2019-04-15T09:44:28+00:00 DEBUG 
====Stripe Version: 4.1.15====
====Start Log====
customers/cus_ErooBdwhs13qwC/sources request: Array
(
    [limit] => 100
)

====End Log====


2019-04-15T09:44:32+00:00 DEBUG 
====Stripe Version: 4.1.15====
====Start Log====
customers/cus_ErooBdwhs13qwC/sources request: Array
(
    [limit] => 100
)

====End Log====


2019-04-15T09:44:45+00:00 DEBUG 
====Stripe Version: 4.1.15====
====Start Log====
sources/src_1EO5B1F71WWm3Cm52UaMy1zz
====End Log====


2019-04-15T09:44:46+00:00 DEBUG 
====Stripe Version: 4.1.15====
====Start Log====
Info: Begin processing payment for order 1368 for the amount of 450.00
====End Log====


2019-04-15T09:44:46+00:00 DEBUG 
====Stripe Version: 4.1.15====
====Start Log====
charges request: Array
(
    [currency] => sgd
    [amount] => 45000
    [description] => Closet - 注文 1368
    [capture] => true
    [expand[]] => balance_transaction
    [metadata] => Array
        (
            [customer_name] => Rafi Halilintar
            [customer_email] => masitingss@gmail.com
            [order_id] => 1368
        )

    [customer] => cus_ErooBdwhs13qwC
    [source] => src_1EO5B1F71WWm3Cm52UaMy1zz
)

====End Log====


2019-04-15T09:44:47+00:00 DEBUG 
====Stripe Version: 4.1.15====
====Start Log====
Processing response: stdClass Object
(
    [id] => ch_1EPRMpF71WWm3Cm5RnVeIj6h
    [object] => charge
    [amount] => 45000
    [amount_refunded] => 0
    [application] => 
    [application_fee] => 
    [application_fee_amount] => 
    [balance_transaction] => stdClass Object
        (
            [id] => txn_1EPRMpF71WWm3Cm5BeRMCCLo
            [object] => balance_transaction
            [amount] => 45000
            [available_on] => 1555891200
            [created] => 1555321487
            [currency] => sgd
            [description] => Closet - 注文 1368
            [exchange_rate] => 
            [fee] => 1580
            [fee_details] => Array
                (
                    [0] => stdClass Object
                        (
                            [amount] => 1580
                            [application] => 
                            [currency] => sgd
                            [description] => Stripe processing fees
                            [type] => stripe_fee
                        )

                )

            [net] => 43420
            [source] => ch_1EPRMpF71WWm3Cm5RnVeIj6h
            [status] => pending
            [type] => charge
        )

    [billing_details] => stdClass Object
        (
            [address] => stdClass Object
                (
                    [city] => 
                    [country] => 
                    [line1] => 
                    [line2] => 
                    [postal_code] => 
                    [state] => 
                )

            [email] => 
            [name] => masitingss@gmail.com
            [phone] => 
        )

    [captured] => 1
    [created] => 1555321487
    [currency] => sgd
    [customer] => cus_ErooBdwhs13qwC
    [description] => Closet - 注文 1368
    [destination] => 
    [dispute] => 
    [failure_code] => 
    [failure_message] => 
    [fraud_details] => stdClass Object
        (
        )

    [invoice] => 
    [livemode] => 
    [metadata] => stdClass Object
        (
            [customer_name] => Rafi Halilintar
            [customer_email] => masitingss@gmail.com
            [order_id] => 1368
        )

    [on_behalf_of] => 
    [order] => 
    [outcome] => stdClass Object
        (
            [network_status] => approved_by_network
            [reason] => 
            [risk_level] => normal
            [risk_score] => 29
            [seller_message] => Payment complete.
            [type] => authorized
        )

    [paid] => 1
    [payment_intent] => 
    [payment_method] => src_1EO5B1F71WWm3Cm52UaMy1zz
    [payment_method_details] => stdClass Object
        (
            [card] => stdClass Object
                (
                    [brand] => visa
                    [checks] => stdClass Object
                        (
                            [address_line1_check] => 
                            [address_postal_code_check] => 
                            [cvc_check] => 
                        )

                    [country] => US
                    [exp_month] => 12
                    [exp_year] => 2020
                    [fingerprint] => MEf9iCAHQxGCOPWT
                    [funding] => credit
                    [last4] => 4242
                    [three_d_secure] => 
                    [wallet] => 
                )

            [type] => card
        )

    [receipt_email] => 
    [receipt_number] => 
    [receipt_url] => https://pay.stripe.com/receipts/acct_1ENu5QF71WWm3Cm5/ch_1EPRMpF71WWm3Cm5RnVeIj6h/rcpt_EtDoyEQRYsxA7sXOvMA6DNMtmIkoXVv
    [refunded] => 
    [refunds] => stdClass Object
        (
            [object] => list
            [data] => Array
                (
                )

            [has_more] => 
            [total_count] => 0
            [url] => /v1/charges/ch_1EPRMpF71WWm3Cm5RnVeIj6h/refunds
        )

    [review] => 
    [shipping] => 
    [source] => stdClass Object
        (
            [id] => src_1EO5B1F71WWm3Cm52UaMy1zz
            [object] => source
            [amount] => 
            [card] => stdClass Object
                (
                    [exp_month] => 12
                    [exp_year] => 2020
                    [last4] => 4242
                    [country] => US
                    [brand] => Visa
                    [funding] => credit
                    [fingerprint] => MEf9iCAHQxGCOPWT
                    [three_d_secure] => optional
                    [name] => 
                    [address_line1_check] => 
                    [address_zip_check] => 
                    [cvc_check] => 
                    [tokenization_method] => 
                    [dynamic_last4] => 
                )

            [client_secret] => src_client_secret_ErooEujZwtJjD0wP9tobveiF
            [created] => 1555321487
            [currency] => 
            [customer] => cus_ErooBdwhs13qwC
            [flow] => none
            [livemode] => 
            [metadata] => stdClass Object
                (
                )

            [owner] => stdClass Object
                (
                    [address] => 
                    [email] => 
                    [name] => masitingss@gmail.com
                    [phone] => 
                    [verified_address] => 
                    [verified_email] => 
                    [verified_name] => 
                    [verified_phone] => 
                )

            [statement_descriptor] => 
            [status] => chargeable
            [type] => card
            [usage] => reusable
        )

    [source_transfer] => 
    [statement_descriptor] => 
    [status] => succeeded
    [transfer_data] => 
    [transfer_group] => 
)

====End Log====


