2019-05-21T14:25:41+00:00 DEBUG 
====Stripe Version: 4.1.16====
====Start Log====
customers/cus_ErooBdwhs13qwC/sources request: Array
(
    [limit] => 100
)

====End Log====


2019-05-21T14:25:52+00:00 DEBUG 
====Stripe Version: 4.1.16====
====Start Log====
customers/cus_ErooBdwhs13qwC/sources request: Array
(
    [limit] => 100
)

====End Log====


2019-05-21T14:26:09+00:00 DEBUG 
====Stripe Version: 4.1.16====
====Start Log====
customers/cus_ErooBdwhs13qwC/sources request: Array
(
    [limit] => 100
)

====End Log====


2019-05-21T14:26:27+00:00 DEBUG 
====Stripe Version: 4.1.16====
====Start Log====
customers/cus_ErooBdwhs13qwC/sources request: Array
(
    [limit] => 100
)

====End Log====


2019-05-21T14:26:32+00:00 DEBUG 
====Stripe Version: 4.1.16====
====Start Log====
customers/cus_ErooBdwhs13qwC/sources request: Array
(
    [limit] => 100
)

====End Log====


2019-05-21T14:26:45+00:00 DEBUG 
====Stripe Version: 4.1.16====
====Start Log====
sources/src_1EO5B1F71WWm3Cm52UaMy1zz
====End Log====


2019-05-21T14:26:47+00:00 DEBUG 
====Stripe Version: 4.1.16====
====Start Log====
Info: Begin processing payment for order 2362 for the amount of 771.45
====End Log====


2019-05-21T14:26:47+00:00 DEBUG 
====Stripe Version: 4.1.16====
====Start Log====
charges request: Array
(
    [currency] => sgd
    [amount] => 77145
    [description] => CLOSET - Order 2362
    [capture] => true
    [expand[]] => balance_transaction
    [metadata] => Array
        (
            [customer_name] => Rafi Halilintar
            [customer_email] => masitingss@gmail.com
            [order_id] => 2362
        )

    [customer] => cus_ErooBdwhs13qwC
    [source] => src_1EO5B1F71WWm3Cm52UaMy1zz
)

====End Log====


2019-05-21T14:26:48+00:00 DEBUG 
====Stripe Version: 4.1.16====
====Start Log====
Processing response: stdClass Object
(
    [id] => ch_1EcYvTF71WWm3Cm54cwjjEo3
    [object] => charge
    [amount] => 77145
    [amount_refunded] => 0
    [application] => 
    [application_fee] => 
    [application_fee_amount] => 
    [balance_transaction] => stdClass Object
        (
            [id] => txn_1EcYvUF71WWm3Cm5nOuq4XJZ
            [object] => balance_transaction
            [amount] => 77145
            [available_on] => 1559001600
            [created] => 1558448807
            [currency] => sgd
            [description] => CLOSET - Order 2362
            [exchange_rate] => 
            [fee] => 2673
            [fee_details] => Array
                (
                    [0] => stdClass Object
                        (
                            [amount] => 2673
                            [application] => 
                            [currency] => sgd
                            [description] => Stripe processing fees
                            [type] => stripe_fee
                        )

                )

            [net] => 74472
            [source] => ch_1EcYvTF71WWm3Cm54cwjjEo3
            [status] => pending
            [type] => charge
        )

    [billing_details] => stdClass Object
        (
            [address] => stdClass Object
                (
                    [city] => 
                    [country] => 
                    [line1] => 
                    [line2] => 
                    [postal_code] => 
                    [state] => 
                )

            [email] => 
            [name] => masitingss@gmail.com
            [phone] => 
        )

    [captured] => 1
    [created] => 1558448807
    [currency] => sgd
    [customer] => cus_ErooBdwhs13qwC
    [description] => CLOSET - Order 2362
    [destination] => 
    [dispute] => 
    [failure_code] => 
    [failure_message] => 
    [fraud_details] => stdClass Object
        (
        )

    [invoice] => 
    [livemode] => 
    [metadata] => stdClass Object
        (
            [customer_name] => Rafi Halilintar
            [customer_email] => masitingss@gmail.com
            [order_id] => 2362
        )

    [on_behalf_of] => 
    [order] => 
    [outcome] => stdClass Object
        (
            [network_status] => approved_by_network
            [reason] => 
            [risk_level] => normal
            [risk_score] => 39
            [seller_message] => Payment complete.
            [type] => authorized
        )

    [paid] => 1
    [payment_intent] => 
    [payment_method] => src_1EO5B1F71WWm3Cm52UaMy1zz
    [payment_method_details] => stdClass Object
        (
            [card] => stdClass Object
                (
                    [brand] => visa
                    [checks] => stdClass Object
                        (
                            [address_line1_check] => 
                            [address_postal_code_check] => 
                            [cvc_check] => 
                        )

                    [country] => US
                    [description] => Visa Classic
                    [exp_month] => 12
                    [exp_year] => 2020
                    [fingerprint] => MEf9iCAHQxGCOPWT
                    [funding] => credit
                    [last4] => 4242
                    [three_d_secure] => 
                    [wallet] => 
                )

            [type] => card
        )

    [receipt_email] => 
    [receipt_number] => 
    [receipt_url] => https://pay.stripe.com/receipts/acct_1ENu5QF71WWm3Cm5/ch_1EcYvTF71WWm3Cm54cwjjEo3/rcpt_F6mUVGIVg2MhVY1Tti5Is4LPn96Q8z8
    [refunded] => 
    [refunds] => stdClass Object
        (
            [object] => list
            [data] => Array
                (
                )

            [has_more] => 
            [total_count] => 0
            [url] => /v1/charges/ch_1EcYvTF71WWm3Cm54cwjjEo3/refunds
        )

    [review] => 
    [shipping] => 
    [source] => stdClass Object
        (
            [id] => src_1EO5B1F71WWm3Cm52UaMy1zz
            [object] => source
            [amount] => 
            [card] => stdClass Object
                (
                    [exp_month] => 12
                    [exp_year] => 2020
                    [last4] => 4242
                    [country] => US
                    [brand] => Visa
                    [funding] => credit
                    [fingerprint] => MEf9iCAHQxGCOPWT
                    [three_d_secure] => optional
                    [name] => 
                    [address_line1_check] => 
                    [address_zip_check] => 
                    [cvc_check] => 
                    [tokenization_method] => 
                    [dynamic_last4] => 
                )

            [client_secret] => src_client_secret_ErooEujZwtJjD0wP9tobveiF
            [created] => 1558448808
            [currency] => 
            [customer] => cus_ErooBdwhs13qwC
            [flow] => none
            [livemode] => 
            [metadata] => stdClass Object
                (
                )

            [owner] => stdClass Object
                (
                    [address] => 
                    [email] => 
                    [name] => masitingss@gmail.com
                    [phone] => 
                    [verified_address] => 
                    [verified_email] => 
                    [verified_name] => 
                    [verified_phone] => 
                )

            [statement_descriptor] => 
            [status] => chargeable
            [type] => card
            [usage] => reusable
        )

    [source_transfer] => 
    [statement_descriptor] => 
    [status] => succeeded
    [transfer_data] => 
    [transfer_group] => 
)

====End Log====


2019-05-21T14:32:46+00:00 DEBUG 
====Stripe Version: 4.1.16====
====Start Log====
customers/cus_ErooBdwhs13qwC/sources request: Array
(
    [limit] => 100
)

====End Log====


2019-05-21T14:32:52+00:00 DEBUG 
====Stripe Version: 4.1.16====
====Start Log====
customers/cus_ErooBdwhs13qwC/sources request: Array
(
    [limit] => 100
)

====End Log====


2019-05-21T14:34:06+00:00 DEBUG 
====Stripe Version: 4.1.16====
====Start Log====
customers/cus_ErooBdwhs13qwC/sources request: Array
(
    [limit] => 100
)

====End Log====


2019-05-21T14:35:36+00:00 DEBUG 
====Stripe Version: 4.1.16====
====Start Log====
customers/cus_ErooBdwhs13qwC/sources request: Array
(
    [limit] => 100
)

====End Log====


2019-05-21T14:35:46+00:00 DEBUG 
====Stripe Version: 4.1.16====
====Start Log====
customers/cus_ErooBdwhs13qwC/sources request: Array
(
    [limit] => 100
)

====End Log====


2019-05-21T14:45:44+00:00 DEBUG 
====Stripe Version: 4.1.16====
====Start Log====
customers/cus_ErooBdwhs13qwC/sources request: Array
(
    [limit] => 100
)

====End Log====


2019-05-21T14:46:04+00:00 DEBUG 
====Stripe Version: 4.1.16====
====Start Log====
customers/cus_ErooBdwhs13qwC/sources request: Array
(
    [limit] => 100
)

====End Log====


2019-05-21T14:46:13+00:00 DEBUG 
====Stripe Version: 4.1.16====
====Start Log====
customers/cus_ErooBdwhs13qwC/sources request: Array
(
    [limit] => 100
)

====End Log====


2019-05-21T14:46:28+00:00 DEBUG 
====Stripe Version: 4.1.16====
====Start Log====
customers/cus_ErooBdwhs13qwC/sources request: Array
(
    [limit] => 100
)

====End Log====


2019-05-21T14:46:37+00:00 DEBUG 
====Stripe Version: 4.1.16====
====Start Log====
sources/src_1EO5B1F71WWm3Cm52UaMy1zz
====End Log====


2019-05-21T14:46:38+00:00 DEBUG 
====Stripe Version: 4.1.16====
====Start Log====
Info: Begin processing payment for order 2369 for the amount of 148161.00
====End Log====


2019-05-21T14:46:38+00:00 DEBUG 
====Stripe Version: 4.1.16====
====Start Log====
charges request: Array
(
    [currency] => jpy
    [amount] => 148161
    [description] => CLOSET - Order 2369
    [capture] => true
    [expand[]] => balance_transaction
    [metadata] => Array
        (
            [customer_name] => Rafi Halilintar
            [customer_email] => masitingss@gmail.com
            [order_id] => 2369
        )

    [customer] => cus_ErooBdwhs13qwC
    [source] => src_1EO5B1F71WWm3Cm52UaMy1zz
)

====End Log====


2019-05-21T14:46:40+00:00 DEBUG 
====Stripe Version: 4.1.16====
====Start Log====
Processing response: stdClass Object
(
    [id] => ch_1EcZEhF71WWm3Cm5Zyg5I7nO
    [object] => charge
    [amount] => 148161
    [amount_refunded] => 0
    [application] => 
    [application_fee] => 
    [application_fee_amount] => 
    [balance_transaction] => stdClass Object
        (
            [id] => txn_1EcZEiF71WWm3Cm5GBpOKZSn
            [object] => balance_transaction
            [amount] => 181256
            [available_on] => 1559001600
            [created] => 1558449999
            [currency] => sgd
            [description] => CLOSET - Order 2369
            [exchange_rate] => 1.22337
            [fee] => 6213
            [fee_details] => Array
                (
                    [0] => stdClass Object
                        (
                            [amount] => 6213
                            [application] => 
                            [currency] => sgd
                            [description] => Stripe processing fees
                            [type] => stripe_fee
                        )

                )

            [net] => 175043
            [source] => ch_1EcZEhF71WWm3Cm5Zyg5I7nO
            [status] => pending
            [type] => charge
        )

    [billing_details] => stdClass Object
        (
            [address] => stdClass Object
                (
                    [city] => 
                    [country] => 
                    [line1] => 
                    [line2] => 
                    [postal_code] => 
                    [state] => 
                )

            [email] => 
            [name] => masitingss@gmail.com
            [phone] => 
        )

    [captured] => 1
    [created] => 1558449999
    [currency] => jpy
    [customer] => cus_ErooBdwhs13qwC
    [description] => CLOSET - Order 2369
    [destination] => 
    [dispute] => 
    [failure_code] => 
    [failure_message] => 
    [fraud_details] => stdClass Object
        (
        )

    [invoice] => 
    [livemode] => 
    [metadata] => stdClass Object
        (
            [customer_name] => Rafi Halilintar
            [customer_email] => masitingss@gmail.com
            [order_id] => 2369
        )

    [on_behalf_of] => 
    [order] => 
    [outcome] => stdClass Object
        (
            [network_status] => approved_by_network
            [reason] => 
            [risk_level] => normal
            [risk_score] => 30
            [seller_message] => Payment complete.
            [type] => authorized
        )

    [paid] => 1
    [payment_intent] => 
    [payment_method] => src_1EO5B1F71WWm3Cm52UaMy1zz
    [payment_method_details] => stdClass Object
        (
            [card] => stdClass Object
                (
                    [brand] => visa
                    [checks] => stdClass Object
                        (
                            [address_line1_check] => 
                            [address_postal_code_check] => 
                            [cvc_check] => 
                        )

                    [country] => US
                    [description] => Visa Classic
                    [exp_month] => 12
                    [exp_year] => 2020
                    [fingerprint] => MEf9iCAHQxGCOPWT
                    [funding] => credit
                    [last4] => 4242
                    [three_d_secure] => 
                    [wallet] => 
                )

            [type] => card
        )

    [receipt_email] => 
    [receipt_number] => 
    [receipt_url] => https://pay.stripe.com/receipts/acct_1ENu5QF71WWm3Cm5/ch_1EcZEhF71WWm3Cm5Zyg5I7nO/rcpt_F6mo0r1DjD6KIlCtiELiFcnYVJhPlE4
    [refunded] => 
    [refunds] => stdClass Object
        (
            [object] => list
            [data] => Array
                (
                )

            [has_more] => 
            [total_count] => 0
            [url] => /v1/charges/ch_1EcZEhF71WWm3Cm5Zyg5I7nO/refunds
        )

    [review] => 
    [shipping] => 
    [source] => stdClass Object
        (
            [id] => src_1EO5B1F71WWm3Cm52UaMy1zz
            [object] => source
            [amount] => 
            [card] => stdClass Object
                (
                    [exp_month] => 12
                    [exp_year] => 2020
                    [last4] => 4242
                    [country] => US
                    [brand] => Visa
                    [funding] => credit
                    [fingerprint] => MEf9iCAHQxGCOPWT
                    [three_d_secure] => optional
                    [name] => 
                    [address_line1_check] => 
                    [address_zip_check] => 
                    [cvc_check] => 
                    [tokenization_method] => 
                    [dynamic_last4] => 
                )

            [client_secret] => src_client_secret_ErooEujZwtJjD0wP9tobveiF
            [created] => 1558449999
            [currency] => 
            [customer] => cus_ErooBdwhs13qwC
            [flow] => none
            [livemode] => 
            [metadata] => stdClass Object
                (
                )

            [owner] => stdClass Object
                (
                    [address] => 
                    [email] => 
                    [name] => masitingss@gmail.com
                    [phone] => 
                    [verified_address] => 
                    [verified_email] => 
                    [verified_name] => 
                    [verified_phone] => 
                )

            [statement_descriptor] => 
            [status] => chargeable
            [type] => card
            [usage] => reusable
        )

    [source_transfer] => 
    [statement_descriptor] => 
    [status] => succeeded
    [transfer_data] => 
    [transfer_group] => 
)

====End Log====


2019-05-21T14:54:42+00:00 DEBUG 
====Stripe Version: 4.1.16====
====Start Log====
customers/cus_ErooBdwhs13qwC/sources request: Array
(
    [limit] => 100
)

====End Log====


2019-05-21T14:54:51+00:00 DEBUG 
====Stripe Version: 4.1.16====
====Start Log====
customers/cus_ErooBdwhs13qwC/sources request: Array
(
    [limit] => 100
)

====End Log====


2019-05-21T15:04:47+00:00 DEBUG 
====Stripe Version: 4.1.16====
====Start Log====
customers/cus_ErooBdwhs13qwC/sources request: Array
(
    [limit] => 100
)

====End Log====


2019-05-21T15:04:55+00:00 DEBUG 
====Stripe Version: 4.1.16====
====Start Log====
customers/cus_ErooBdwhs13qwC/sources request: Array
(
    [limit] => 100
)

====End Log====


2019-05-21T15:07:24+00:00 DEBUG 
====Stripe Version: 4.1.16====
====Start Log====
customers/cus_ErooBdwhs13qwC/sources request: Array
(
    [limit] => 100
)

====End Log====


2019-05-21T15:07:33+00:00 DEBUG 
====Stripe Version: 4.1.16====
====Start Log====
customers/cus_ErooBdwhs13qwC/sources request: Array
(
    [limit] => 100
)

====End Log====


2019-05-21T15:11:36+00:00 DEBUG 
====Stripe Version: 4.1.16====
====Start Log====
customers/cus_ErooBdwhs13qwC/sources request: Array
(
    [limit] => 100
)

====End Log====


2019-05-21T15:11:44+00:00 DEBUG 
====Stripe Version: 4.1.16====
====Start Log====
customers/cus_ErooBdwhs13qwC/sources request: Array
(
    [limit] => 100
)

====End Log====


2019-05-21T15:20:31+00:00 DEBUG 
====Stripe Version: 4.1.16====
====Start Log====
customers/cus_ErooBdwhs13qwC/sources request: Array
(
    [limit] => 100
)

====End Log====


2019-05-21T15:20:37+00:00 DEBUG 
====Stripe Version: 4.1.16====
====Start Log====
customers/cus_ErooBdwhs13qwC/sources request: Array
(
    [limit] => 100
)

====End Log====


2019-05-21T17:22:00+00:00 DEBUG 
====Stripe Version: 4.1.16====
====Start Log====
customers/cus_ErooBdwhs13qwC/sources request: Array
(
    [limit] => 100
)

====End Log====


2019-05-21T17:22:08+00:00 DEBUG 
====Stripe Version: 4.1.16====
====Start Log====
customers/cus_ErooBdwhs13qwC/sources request: Array
(
    [limit] => 100
)

====End Log====


2019-05-21T17:23:32+00:00 DEBUG 
====Stripe Version: 4.1.16====
====Start Log====
customers/cus_ErooBdwhs13qwC/sources request: Array
(
    [limit] => 100
)

====End Log====


2019-05-21T17:23:37+00:00 DEBUG 
====Stripe Version: 4.1.16====
====Start Log====
customers/cus_ErooBdwhs13qwC/sources request: Array
(
    [limit] => 100
)

====End Log====


2019-05-21T17:25:46+00:00 DEBUG 
====Stripe Version: 4.1.16====
====Start Log====
customers/cus_ErooBdwhs13qwC/sources request: Array
(
    [limit] => 100
)

====End Log====


2019-05-21T17:25:51+00:00 DEBUG 
====Stripe Version: 4.1.16====
====Start Log====
customers/cus_ErooBdwhs13qwC/sources request: Array
(
    [limit] => 100
)

====End Log====


2019-05-21T17:26:07+00:00 DEBUG 
====Stripe Version: 4.1.16====
====Start Log====
customers/cus_ErooBdwhs13qwC/sources request: Array
(
    [limit] => 100
)

====End Log====


2019-05-21T17:27:22+00:00 DEBUG 
====Stripe Version: 4.1.16====
====Start Log====
customers/cus_ErooBdwhs13qwC/sources request: Array
(
    [limit] => 100
)

====End Log====


2019-05-21T17:27:28+00:00 DEBUG 
====Stripe Version: 4.1.16====
====Start Log====
customers/cus_ErooBdwhs13qwC/sources request: Array
(
    [limit] => 100
)

====End Log====


2019-05-21T17:30:25+00:00 DEBUG 
====Stripe Version: 4.1.16====
====Start Log====
customers/cus_ErooBdwhs13qwC/sources request: Array
(
    [limit] => 100
)

====End Log====


2019-05-21T17:30:32+00:00 DEBUG 
====Stripe Version: 4.1.16====
====Start Log====
customers/cus_ErooBdwhs13qwC/sources request: Array
(
    [limit] => 100
)

====End Log====


2019-05-21T17:31:17+00:00 DEBUG 
====Stripe Version: 4.1.16====
====Start Log====
customers/cus_ErooBdwhs13qwC/sources request: Array
(
    [limit] => 100
)

====End Log====


2019-05-21T17:31:22+00:00 DEBUG 
====Stripe Version: 4.1.16====
====Start Log====
customers/cus_ErooBdwhs13qwC/sources request: Array
(
    [limit] => 100
)

====End Log====


2019-05-21T17:32:21+00:00 DEBUG 
====Stripe Version: 4.1.16====
====Start Log====
customers/cus_ErooBdwhs13qwC/sources request: Array
(
    [limit] => 100
)

====End Log====


2019-05-21T17:32:30+00:00 DEBUG 
====Stripe Version: 4.1.16====
====Start Log====
customers/cus_ErooBdwhs13qwC/sources request: Array
(
    [limit] => 100
)

====End Log====


2019-05-21T18:36:18+00:00 DEBUG 
====Stripe Version: 4.1.16====
====Start Log====
customers/cus_ErooBdwhs13qwC/sources request: Array
(
    [limit] => 100
)

====End Log====


2019-05-21T18:36:25+00:00 DEBUG 
====Stripe Version: 4.1.16====
====Start Log====
customers/cus_ErooBdwhs13qwC/sources request: Array
(
    [limit] => 100
)

====End Log====


2019-05-21T18:36:38+00:00 DEBUG 
====Stripe Version: 4.1.16====
====Start Log====
customers/cus_ErooBdwhs13qwC/sources request: Array
(
    [limit] => 100
)

====End Log====


2019-05-21T18:36:42+00:00 DEBUG 
====Stripe Version: 4.1.16====
====Start Log====
customers/cus_ErooBdwhs13qwC/sources request: Array
(
    [limit] => 100
)

====End Log====


2019-05-21T18:36:46+00:00 DEBUG 
====Stripe Version: 4.1.16====
====Start Log====
customers/cus_ErooBdwhs13qwC/sources request: Array
(
    [limit] => 100
)

====End Log====


2019-05-21T18:39:14+00:00 DEBUG 
====Stripe Version: 4.1.16====
====Start Log====
customers/cus_ErooBdwhs13qwC/sources request: Array
(
    [limit] => 100
)

====End Log====


2019-05-21T18:39:22+00:00 DEBUG 
====Stripe Version: 4.1.16====
====Start Log====
customers/cus_ErooBdwhs13qwC/sources request: Array
(
    [limit] => 100
)

====End Log====


2019-05-21T18:39:36+00:00 DEBUG 
====Stripe Version: 4.1.16====
====Start Log====
customers/cus_ErooBdwhs13qwC/sources request: Array
(
    [limit] => 100
)

====End Log====


2019-05-21T18:39:41+00:00 DEBUG 
====Stripe Version: 4.1.16====
====Start Log====
customers/cus_ErooBdwhs13qwC/sources request: Array
(
    [limit] => 100
)

====End Log====


2019-05-21T18:39:51+00:00 DEBUG 
====Stripe Version: 4.1.16====
====Start Log====
customers/cus_ErooBdwhs13qwC/sources request: Array
(
    [limit] => 100
)

====End Log====


2019-05-21T18:39:58+00:00 DEBUG 
====Stripe Version: 4.1.16====
====Start Log====
customers/cus_ErooBdwhs13qwC/sources request: Array
(
    [limit] => 100
)

====End Log====


2019-05-21T18:41:50+00:00 DEBUG 
====Stripe Version: 4.1.16====
====Start Log====
customers/cus_ErooBdwhs13qwC/sources request: Array
(
    [limit] => 100
)

====End Log====


2019-05-21T18:41:56+00:00 DEBUG 
====Stripe Version: 4.1.16====
====Start Log====
customers/cus_ErooBdwhs13qwC/sources request: Array
(
    [limit] => 100
)

====End Log====


2019-05-21T18:42:07+00:00 DEBUG 
====Stripe Version: 4.1.16====
====Start Log====
customers/cus_ErooBdwhs13qwC/sources request: Array
(
    [limit] => 100
)

====End Log====


2019-05-21T18:42:11+00:00 DEBUG 
====Stripe Version: 4.1.16====
====Start Log====
customers/cus_ErooBdwhs13qwC/sources request: Array
(
    [limit] => 100
)

====End Log====


2019-05-21T18:42:19+00:00 DEBUG 
====Stripe Version: 4.1.16====
====Start Log====
customers/cus_ErooBdwhs13qwC/sources request: Array
(
    [limit] => 100
)

====End Log====


2019-05-21T18:42:25+00:00 DEBUG 
====Stripe Version: 4.1.16====
====Start Log====
customers/cus_ErooBdwhs13qwC/sources request: Array
(
    [limit] => 100
)

====End Log====


2019-05-21T18:43:43+00:00 DEBUG 
====Stripe Version: 4.1.16====
====Start Log====
customers/cus_ErooBdwhs13qwC/sources request: Array
(
    [limit] => 100
)

====End Log====


2019-05-21T18:43:48+00:00 DEBUG 
====Stripe Version: 4.1.16====
====Start Log====
customers/cus_ErooBdwhs13qwC/sources request: Array
(
    [limit] => 100
)

====End Log====


2019-05-21T18:44:19+00:00 DEBUG 
====Stripe Version: 4.1.16====
====Start Log====
customers/cus_ErooBdwhs13qwC/sources request: Array
(
    [limit] => 100
)

====End Log====


2019-05-21T18:44:22+00:00 DEBUG 
====Stripe Version: 4.1.16====
====Start Log====
customers/cus_ErooBdwhs13qwC/sources request: Array
(
    [limit] => 100
)

====End Log====


2019-05-21T18:44:41+00:00 DEBUG 
====Stripe Version: 4.1.16====
====Start Log====
customers/cus_ErooBdwhs13qwC/sources request: Array
(
    [limit] => 100
)

====End Log====


2019-05-21T18:44:45+00:00 DEBUG 
====Stripe Version: 4.1.16====
====Start Log====
customers/cus_ErooBdwhs13qwC/sources request: Array
(
    [limit] => 100
)

====End Log====


