2019-04-18T15:34:01+00:00 DEBUG 
====Stripe Version: 4.1.15====
====Start Log====
customers/cus_ErooBdwhs13qwC/sources request: Array
(
    [limit] => 100
)

====End Log====


2019-04-18T15:34:06+00:00 DEBUG 
====Stripe Version: 4.1.15====
====Start Log====
customers/cus_ErooBdwhs13qwC/sources request: Array
(
    [limit] => 100
)

====End Log====


2019-04-18T15:34:36+00:00 DEBUG 
====Stripe Version: 4.1.15====
====Start Log====
customers/cus_ErooBdwhs13qwC/sources request: Array
(
    [limit] => 100
)

====End Log====


2019-04-18T15:34:40+00:00 DEBUG 
====Stripe Version: 4.1.15====
====Start Log====
customers/cus_ErooBdwhs13qwC/sources request: Array
(
    [limit] => 100
)

====End Log====


2019-04-18T15:34:58+00:00 DEBUG 
====Stripe Version: 4.1.15====
====Start Log====
customers/cus_ErooBdwhs13qwC/sources request: Array
(
    [limit] => 100
)

====End Log====


2019-04-18T15:35:08+00:00 DEBUG 
====Stripe Version: 4.1.15====
====Start Log====
customers/cus_ErooBdwhs13qwC/sources request: Array
(
    [limit] => 100
)

====End Log====


