2019-05-15T03:42:53+00:00 DEBUG 
====Stripe Version: 4.1.15====
====Start Log====
customers/cus_ErooBdwhs13qwC/sources request: Array
(
    [limit] => 100
)

====End Log====


2019-05-15T03:42:55+00:00 DEBUG 
====Stripe Version: 4.1.15====
====Start Log====
customers/cus_ErooBdwhs13qwC/sources request: Array
(
    [limit] => 100
)

====End Log====


2019-05-15T08:55:37+00:00 DEBUG 
====Stripe Version: 4.1.15====
====Start Log====
customers/cus_ErooBdwhs13qwC/sources request: Array
(
    [limit] => 100
)

====End Log====


2019-05-15T08:55:41+00:00 DEBUG 
====Stripe Version: 4.1.15====
====Start Log====
customers/cus_ErooBdwhs13qwC/sources request: Array
(
    [limit] => 100
)

====End Log====


